[DEBUG] Backup started at 2025-07-15 00:00:00
[INFO] User ivan triggered security alert at 2025-07-15 00:00:10
[DEBUG] User niaj logged out at 2025-07-15 00:00:20
[WARN] User victor imported data.csv at 2025-07-15 00:00:30
[INFO] User dave changed password at 2025-07-15 00:00:40
[WARN] User peggy performed system health check at 2025-07-15 00:00:50
[INFO] Server 9 updated configuration at 2025-07-15 00:01:00
[INFO] Server 9 started at 2025-07-15 00:01:10
[WARN] Backup started at 2025-07-15 00:01:20
[WARN] User walter failed login attempt at 2025-07-15 00:01:30
[ERROR] Server 9 completed log rotation at 2025-07-15 00:01:40
[DEBUG] Query executed: SELECT * FROM logs WHERE user='heidi' at 2025-07-15 00:01:50
[ERROR] User niaj performed system health check at 2025-07-15 00:02:00
[ERROR] Server 9 received request from 10.0.0.163 at 2025-07-15 00:02:10
[WARN] User carol changed password at 2025-07-15 00:02:20
[WARN] Server 9 restarted at 2025-07-15 00:02:30
[ERROR] User grace initiated data export at 2025-07-15 00:02:40
[ERROR] Server 9 heartbeat OK at 2025-07-15 00:02:50
[ERROR] High CPU usage detected at 2025-07-15 00:03:00
[ERROR] User rupert performed system health check at 2025-07-15 00:03:10
[DEBUG] Server 9 heartbeat OK at 2025-07-15 00:03:20
[DEBUG] Server 9 restarted at 2025-07-15 00:03:30
[ERROR] High CPU usage detected at 2025-07-15 00:03:40
[INFO] Disk error on /dev/sda9 at 2025-07-15 00:03:50
[DEBUG] Server 9 updated configuration at 2025-07-15 00:04:00
[WARN] User mallory accessed dashboard at 2025-07-15 00:04:10
[ERROR] User heidi uploaded file report.pdf at 2025-07-15 00:04:20
[INFO] Server 9 started at 2025-07-15 00:04:30
[ERROR] Server 9 heartbeat OK at 2025-07-15 00:04:40
[DEBUG] User alice accessed dashboard at 2025-07-15 00:04:50
[ERROR] Disk error on /dev/sda9 at 2025-07-15 00:05:00
[INFO] User ivan accessed dashboard at 2025-07-15 00:05:10
[ERROR] Backup started at 2025-07-15 00:05:20
[INFO] Query executed: SELECT * FROM logs WHERE user='eve' at 2025-07-15 00:05:30
[WARN] Server 9 encountered memory leak at 2025-07-15 00:05:40
[DEBUG] Disk error on /dev/sda9 at 2025-07-15 00:05:50
[WARN] Server 9 started at 2025-07-15 00:06:00
[WARN] Server 9 completed log rotation at 2025-07-15 00:06:10
[ERROR] User walter accessed dashboard at 2025-07-15 00:06:20
[DEBUG] Server 9 encountered memory leak at 2025-07-15 00:06:30
[ERROR] User mallory triggered security alert at 2025-07-15 00:06:40
[WARN] Backup started at 2025-07-15 00:06:50
[DEBUG] User niaj accessed dashboard at 2025-07-15 00:07:00
[WARN] Server 9 received request from 10.0.0.195 at 2025-07-15 00:07:10
[DEBUG] User yvonne uploaded file report.pdf at 2025-07-15 00:07:20
[WARN] User grace failed login attempt at 2025-07-15 00:07:30
[INFO] Server 9 started at 2025-07-15 00:07:40
[ERROR] Server 9 restarted at 2025-07-15 00:07:50
[ERROR] User eve failed login attempt at 2025-07-15 00:08:00
[DEBUG] User heidi triggered security alert at 2025-07-15 00:08:10
[INFO] User grace performed system health check at 2025-07-15 00:08:20
[INFO] User trent imported data.csv at 2025-07-15 00:08:30
[WARN] User trent performed system health check at 2025-07-15 00:08:40
[DEBUG] User trent accessed dashboard at 2025-07-15 00:08:50
[DEBUG] User dave uploaded file report.pdf at 2025-07-15 00:09:00
[WARN] User yvonne accessed dashboard at 2025-07-15 00:09:10
[INFO] Server 9 completed log rotation at 2025-07-15 00:09:20
[DEBUG] Backup started at 2025-07-15 00:09:30
[ERROR] Server 9 updated configuration at 2025-07-15 00:09:40
[WARN] User niaj uploaded file report.pdf at 2025-07-15 00:09:50
[ERROR] Server 9 updated configuration at 2025-07-15 00:10:00
[WARN] User mallory failed login attempt at 2025-07-15 00:10:10
[INFO] Server 9 started at 2025-07-15 00:10:20
[ERROR] User niaj deleted file temp.tmp at 2025-07-15 00:10:30
[DEBUG] Server 9 encountered memory leak at 2025-07-15 00:10:40
[ERROR] Disk error on /dev/sda9 at 2025-07-15 00:10:50
[DEBUG] User heidi triggered security alert at 2025-07-15 00:11:00
[DEBUG] User alice changed password at 2025-07-15 00:11:10
[INFO] Server 9 heartbeat OK at 2025-07-15 00:11:20
[DEBUG] Backup completed at 2025-07-15 00:11:30
[WARN] User carol uploaded file report.pdf at 2025-07-15 00:11:40
[WARN] User carol uploaded file report.pdf at 2025-07-15 00:11:50
[ERROR] Server 9 restarted at 2025-07-15 00:12:00
[WARN] User dave logged out at 2025-07-15 00:12:10
[ERROR] High CPU usage detected at 2025-07-15 00:12:20
[INFO] User niaj triggered security alert at 2025-07-15 00:12:30
[INFO] Query executed: SELECT * FROM logs WHERE user='oscar' at 2025-07-15 00:12:40
[WARN] User walter deleted file temp.tmp at 2025-07-15 00:12:50
[WARN] User mallory performed system health check at 2025-07-15 00:13:00
[INFO] User oscar deleted file temp.tmp at 2025-07-15 00:13:10
[ERROR] Server 9 heartbeat OK at 2025-07-15 00:13:20
[DEBUG] User mallory changed password at 2025-07-15 00:13:30
[ERROR] Server 9 shutdown at 2025-07-15 00:13:40
[ERROR] User sybil changed password at 2025-07-15 00:13:50
[ERROR] User grace logged out at 2025-07-15 00:14:00
[DEBUG] Server 9 completed log rotation at 2025-07-15 00:14:10
[DEBUG] User peggy uploaded file report.pdf at 2025-07-15 00:14:20
[WARN] User grace changed password at 2025-07-15 00:14:30
[INFO] User alice updated profile at 2025-07-15 00:14:40
[INFO] Server 9 shutdown at 2025-07-15 00:14:50
[DEBUG] User alice logged in at 2025-07-15 00:15:00
[ERROR] User bob logged in at 2025-07-15 00:15:10
[DEBUG] Server 9 shutdown at 2025-07-15 00:15:20
[INFO] User alice imported data.csv at 2025-07-15 00:15:30
[DEBUG] User rupert logged in at 2025-07-15 00:15:40
[WARN] Query executed: SELECT * FROM logs WHERE user='niaj' at 2025-07-15 00:15:50
[WARN] Server 9 received request from 10.0.0.218 at 2025-07-15 00:16:00
[WARN] Server 9 restarted at 2025-07-15 00:16:10
[ERROR] User peggy updated profile at 2025-07-15 00:16:20
[DEBUG] User mallory performed system health check at 2025-07-15 00:16:30
[WARN] Query executed: SELECT * FROM logs WHERE user='frank' at 2025-07-15 00:16:40
[ERROR] User ivan deleted file temp.tmp at 2025-07-15 00:16:50
[DEBUG] User oscar imported data.csv at 2025-07-15 00:17:00
[ERROR] Server 9 completed log rotation at 2025-07-15 00:17:10
[WARN] User rupert initiated data export at 2025-07-15 00:17:20
[DEBUG] User trent performed system health check at 2025-07-15 00:17:30
[WARN] User ivan failed login attempt at 2025-07-15 00:17:40
[DEBUG] Server 9 heartbeat OK at 2025-07-15 00:17:50
[DEBUG] Server 9 heartbeat OK at 2025-07-15 00:18:00
[DEBUG] Server 9 started at 2025-07-15 00:18:10
[ERROR] User zach updated profile at 2025-07-15 00:18:20
[INFO] User zach deleted file temp.tmp at 2025-07-15 00:18:30
[ERROR] User sybil uploaded file report.pdf at 2025-07-15 00:18:40
[DEBUG] User peggy performed system health check at 2025-07-15 00:18:50
[DEBUG] User frank triggered security alert at 2025-07-15 00:19:00
[DEBUG] Server 9 received request from 10.0.0.219 at 2025-07-15 00:19:10
[WARN] Server 9 updated configuration at 2025-07-15 00:19:20
[INFO] Query executed: SELECT * FROM logs WHERE user='niaj' at 2025-07-15 00:19:30
[DEBUG] User victor changed password at 2025-07-15 00:19:40
[DEBUG] Server 9 updated configuration at 2025-07-15 00:19:50
[DEBUG] Server 9 received request from 10.0.0.141 at 2025-07-15 00:20:00
[WARN] Server 9 started at 2025-07-15 00:20:10
[INFO] User yvonne deleted file temp.tmp at 2025-07-15 00:20:20
[ERROR] User eve logged out at 2025-07-15 00:20:30
[WARN] Server 9 heartbeat OK at 2025-07-15 00:20:40
[INFO] Server 9 received request from 10.0.0.190 at 2025-07-15 00:20:50
[INFO] Server 9 heartbeat OK at 2025-07-15 00:21:00
[INFO] Server 9 shutdown at 2025-07-15 00:21:10
[INFO] Server 9 restarted at 2025-07-15 00:21:20
[INFO] Backup completed at 2025-07-15 00:21:30
[DEBUG] Server 9 shutdown at 2025-07-15 00:21:40
[ERROR] High CPU usage detected at 2025-07-15 00:21:50
[INFO] User carol imported data.csv at 2025-07-15 00:22:00
[DEBUG] Server 9 encountered memory leak at 2025-07-15 00:22:10
[DEBUG] User yvonne uploaded file report.pdf at 2025-07-15 00:22:20
[DEBUG] User judy performed system health check at 2025-07-15 00:22:30
[WARN] Server 9 restarted at 2025-07-15 00:22:40
[INFO] User walter imported data.csv at 2025-07-15 00:22:50
[ERROR] Server 9 received request from 10.0.0.97 at 2025-07-15 00:23:00
[WARN] Server 9 received request from 10.0.0.99 at 2025-07-15 00:23:10
[DEBUG] User peggy failed login attempt at 2025-07-15 00:23:20
[INFO] Disk error on /dev/sda9 at 2025-07-15 00:23:30
[WARN] User judy uploaded file report.pdf at 2025-07-15 00:23:40
[DEBUG] Server 9 started at 2025-07-15 00:23:50
[INFO] User oscar logged in at 2025-07-15 00:24:00
[ERROR] Query executed: SELECT * FROM logs WHERE user='oscar' at 2025-07-15 00:24:10
[DEBUG] User zach imported data.csv at 2025-07-15 00:24:20
[DEBUG] Disk error on /dev/sda9 at 2025-07-15 00:24:30
[WARN] User niaj accessed dashboard at 2025-07-15 00:24:40
[DEBUG] User eve performed system health check at 2025-07-15 00:24:50
[WARN] Query executed: SELECT * FROM logs WHERE user='victor' at 2025-07-15 00:25:00
[INFO] User dave performed system health check at 2025-07-15 00:25:10
[INFO] User alice failed login attempt at 2025-07-15 00:25:20
[WARN] Backup started at 2025-07-15 00:25:30
[DEBUG] User judy changed password at 2025-07-15 00:25:40
[INFO] User yvonne triggered security alert at 2025-07-15 00:25:50
[WARN] User frank triggered security alert at 2025-07-15 00:26:00
[INFO] Server 9 heartbeat OK at 2025-07-15 00:26:10
[INFO] Server 9 shutdown at 2025-07-15 00:26:20
[INFO] User mallory changed password at 2025-07-15 00:26:30
[ERROR] User niaj failed login attempt at 2025-07-15 00:26:40
[ERROR] User mallory failed login attempt at 2025-07-15 00:26:50
[WARN] User judy initiated data export at 2025-07-15 00:27:00
[INFO] Server 9 restarted at 2025-07-15 00:27:10
[WARN] User walter deleted file temp.tmp at 2025-07-15 00:27:20
[ERROR] High CPU usage detected at 2025-07-15 00:27:30
[DEBUG] Query executed: SELECT * FROM logs WHERE user='carol' at 2025-07-15 00:27:40
[INFO] User bob performed system health check at 2025-07-15 00:27:50
[ERROR] Query executed: SELECT * FROM logs WHERE user='sybil' at 2025-07-15 00:28:00
[DEBUG] Server 9 completed log rotation at 2025-07-15 00:28:10
[DEBUG] Server 9 started at 2025-07-15 00:28:20
[DEBUG] User oscar performed system health check at 2025-07-15 00:28:30
[WARN] Server 9 encountered memory leak at 2025-07-15 00:28:40
[DEBUG] User ivan performed system health check at 2025-07-15 00:28:50
[INFO] User bob initiated data export at 2025-07-15 00:29:00
[INFO] User rupert updated profile at 2025-07-15 00:29:10
[DEBUG] Backup completed at 2025-07-15 00:29:20
[INFO] User dave logged in at 2025-07-15 00:29:30
[ERROR] User mallory changed password at 2025-07-15 00:29:40
[WARN] Query executed: SELECT * FROM logs WHERE user='heidi' at 2025-07-15 00:29:50
[INFO] User victor updated profile at 2025-07-15 00:30:00
[ERROR] High CPU usage detected at 2025-07-15 00:30:10
[DEBUG] Disk error on /dev/sda9 at 2025-07-15 00:30:20
[INFO] Query executed: SELECT * FROM logs WHERE user='peggy' at 2025-07-15 00:30:30
[INFO] High CPU usage detected at 2025-07-15 00:30:40
[DEBUG] User rupert accessed dashboard at 2025-07-15 00:30:50
[ERROR] User sybil changed password at 2025-07-15 00:31:00
[ERROR] User heidi uploaded file report.pdf at 2025-07-15 00:31:10
[INFO] Server 9 encountered memory leak at 2025-07-15 00:31:20
[DEBUG] Disk error on /dev/sda9 at 2025-07-15 00:31:30
[INFO] Server 9 shutdown at 2025-07-15 00:31:40
[ERROR] User heidi imported data.csv at 2025-07-15 00:31:50
[INFO] User ivan imported data.csv at 2025-07-15 00:32:00
[WARN] User alice triggered security alert at 2025-07-15 00:32:10
[ERROR] User peggy logged out at 2025-07-15 00:32:20
[DEBUG] User victor uploaded file report.pdf at 2025-07-15 00:32:30
[INFO] Server 9 started at 2025-07-15 00:32:40
[WARN] User sybil uploaded file report.pdf at 2025-07-15 00:32:50
[DEBUG] User dave uploaded file report.pdf at 2025-07-15 00:33:00
[ERROR] Backup started at 2025-07-15 00:33:10
[DEBUG] User frank changed password at 2025-07-15 00:33:20
[ERROR] User bob imported data.csv at 2025-07-15 00:33:30
[ERROR] Server 9 started at 2025-07-15 00:33:40
[WARN] User rupert accessed dashboard at 2025-07-15 00:33:50
[INFO] Disk error on /dev/sda9 at 2025-07-15 00:34:00
[ERROR] User trent updated profile at 2025-07-15 00:34:10
[ERROR] User zach logged in at 2025-07-15 00:34:20
[ERROR] Query executed: SELECT * FROM logs WHERE user='victor' at 2025-07-15 00:34:30
[DEBUG] Query executed: SELECT * FROM logs WHERE user='dave' at 2025-07-15 00:34:40
[WARN] Server 9 completed log rotation at 2025-07-15 00:34:50
[INFO] User niaj initiated data export at 2025-07-15 00:35:00
[WARN] Server 9 completed log rotation at 2025-07-15 00:35:10
[DEBUG] High CPU usage detected at 2025-07-15 00:35:20
[INFO] User zach uploaded file report.pdf at 2025-07-15 00:35:30
[ERROR] User alice changed password at 2025-07-15 00:35:40
[DEBUG] User oscar deleted file temp.tmp at 2025-07-15 00:35:50
[WARN] User peggy imported data.csv at 2025-07-15 00:36:00
[INFO] Backup started at 2025-07-15 00:36:10
[DEBUG] Server 9 updated configuration at 2025-07-15 00:36:20
[INFO] User judy updated profile at 2025-07-15 00:36:30
[ERROR] Server 9 received request from 10.0.0.118 at 2025-07-15 00:36:40
[INFO] User yvonne changed password at 2025-07-15 00:36:50
[INFO] User grace initiated data export at 2025-07-15 00:37:00
[WARN] Server 9 updated configuration at 2025-07-15 00:37:10
[DEBUG] Backup completed at 2025-07-15 00:37:20
[WARN] User carol changed password at 2025-07-15 00:37:30
[INFO] Backup started at 2025-07-15 00:37:40
[WARN] User alice performed system health check at 2025-07-15 00:37:50
[WARN] User mallory accessed dashboard at 2025-07-15 00:38:00
[INFO] Disk error on /dev/sda9 at 2025-07-15 00:38:10
[ERROR] Server 9 updated configuration at 2025-07-15 00:38:20
[INFO] User judy logged in at 2025-07-15 00:38:30
[DEBUG] User ivan failed login attempt at 2025-07-15 00:38:40
[ERROR] Server 9 updated configuration at 2025-07-15 00:38:50
[DEBUG] Server 9 heartbeat OK at 2025-07-15 00:39:00
[ERROR] Backup started at 2025-07-15 00:39:10
[INFO] Server 9 restarted at 2025-07-15 00:39:20
[DEBUG] Query executed: SELECT * FROM logs WHERE user='eve' at 2025-07-15 00:39:30
[DEBUG] User sybil updated profile at 2025-07-15 00:39:40
[INFO] Server 9 received request from 10.0.0.222 at 2025-07-15 00:39:50
[DEBUG] Backup completed at 2025-07-15 00:40:00
[DEBUG] User oscar deleted file temp.tmp at 2025-07-15 00:40:10
[DEBUG] User walter initiated data export at 2025-07-15 00:40:20
[INFO] Server 9 updated configuration at 2025-07-15 00:40:30
[DEBUG] User grace updated profile at 2025-07-15 00:40:40
[ERROR] High CPU usage detected at 2025-07-15 00:40:50
[DEBUG] Server 9 encountered memory leak at 2025-07-15 00:41:00
[WARN] User niaj failed login attempt at 2025-07-15 00:41:10
[WARN] Server 9 received request from 10.0.0.244 at 2025-07-15 00:41:20
[WARN] Server 9 heartbeat OK at 2025-07-15 00:41:30
[DEBUG] User mallory performed system health check at 2025-07-15 00:41:40
[ERROR] Server 9 shutdown at 2025-07-15 00:41:50
[INFO] Server 9 received request from 10.0.0.113 at 2025-07-15 00:42:00
[ERROR] User trent deleted file temp.tmp at 2025-07-15 00:42:10
[INFO] Server 9 completed log rotation at 2025-07-15 00:42:20
[WARN] Server 9 updated configuration at 2025-07-15 00:42:30
[DEBUG] Server 9 received request from 10.0.0.136 at 2025-07-15 00:42:40
[WARN] User eve accessed dashboard at 2025-07-15 00:42:50
[WARN] User yvonne failed login attempt at 2025-07-15 00:43:00
[DEBUG] Query executed: SELECT * FROM logs WHERE user='oscar' at 2025-07-15 00:43:10
[WARN] Backup started at 2025-07-15 00:43:20
[ERROR] User oscar logged in at 2025-07-15 00:43:30
[DEBUG] Disk error on /dev/sda9 at 2025-07-15 00:43:40
[INFO] User alice logged in at 2025-07-15 00:43:50
[WARN] User bob updated profile at 2025-07-15 00:44:00
[INFO] Server 9 started at 2025-07-15 00:44:10
[WARN] User ivan logged out at 2025-07-15 00:44:20
[ERROR] Server 9 encountered memory leak at 2025-07-15 00:44:30
[WARN] User oscar accessed dashboard at 2025-07-15 00:44:40
[WARN] User peggy triggered security alert at 2025-07-15 00:44:50
[INFO] User yvonne failed login attempt at 2025-07-15 00:45:00
[ERROR] User bob performed system health check at 2025-07-15 00:45:10
[ERROR] User heidi logged in at 2025-07-15 00:45:20
[DEBUG] Server 9 completed log rotation at 2025-07-15 00:45:30
[WARN] User carol logged out at 2025-07-15 00:45:40
[WARN] Query executed: SELECT * FROM logs WHERE user='grace' at 2025-07-15 00:45:50
[WARN] Query executed: SELECT * FROM logs WHERE user='yvonne' at 2025-07-15 00:46:00
[INFO] High CPU usage detected at 2025-07-15 00:46:10
[WARN] Backup started at 2025-07-15 00:46:20
[INFO] User walter changed password at 2025-07-15 00:46:30
[WARN] User zach logged out at 2025-07-15 00:46:40
[ERROR] User judy performed system health check at 2025-07-15 00:46:50
[INFO] User frank triggered security alert at 2025-07-15 00:47:00
[INFO] User oscar accessed dashboard at 2025-07-15 00:47:10
[ERROR] Server 9 encountered memory leak at 2025-07-15 00:47:20
[ERROR] Server 9 updated configuration at 2025-07-15 00:47:30
[DEBUG] Server 9 started at 2025-07-15 00:47:40
[ERROR] Backup started at 2025-07-15 00:47:50
[INFO] User zach changed password at 2025-07-15 00:48:00
[ERROR] Backup completed at 2025-07-15 00:48:10
[INFO] User oscar changed password at 2025-07-15 00:48:20
[DEBUG] Server 9 restarted at 2025-07-15 00:48:30
[WARN] User zach triggered security alert at 2025-07-15 00:48:40
[ERROR] High CPU usage detected at 2025-07-15 00:48:50
[INFO] User trent failed login attempt at 2025-07-15 00:49:00
[WARN] User peggy updated profile at 2025-07-15 00:49:10
[WARN] User frank accessed dashboard at 2025-07-15 00:49:20
[ERROR] User victor logged out at 2025-07-15 00:49:30
[ERROR] Server 9 restarted at 2025-07-15 00:49:40
[WARN] User carol accessed dashboard at 2025-07-15 00:49:50
[WARN] User victor accessed dashboard at 2025-07-15 00:50:00
[DEBUG] User carol updated profile at 2025-07-15 00:50:10
[ERROR] Server 9 started at 2025-07-15 00:50:20
[INFO] Query executed: SELECT * FROM logs WHERE user='alice' at 2025-07-15 00:50:30
[WARN] User victor changed password at 2025-07-15 00:50:40
[ERROR] User heidi logged out at 2025-07-15 00:50:50
[ERROR] Server 9 received request from 10.0.0.86 at 2025-07-15 00:51:00
[INFO] User zach initiated data export at 2025-07-15 00:51:10
[DEBUG] Server 9 completed log rotation at 2025-07-15 00:51:20
[INFO] User judy failed login attempt at 2025-07-15 00:51:30
[ERROR] User eve accessed dashboard at 2025-07-15 00:51:40
[INFO] Server 9 heartbeat OK at 2025-07-15 00:51:50
[ERROR] Server 9 received request from 10.0.0.157 at 2025-07-15 00:52:00
[WARN] Backup completed at 2025-07-15 00:52:10
[ERROR] User grace triggered security alert at 2025-07-15 00:52:20
[INFO] User oscar triggered security alert at 2025-07-15 00:52:30
[ERROR] User eve failed login attempt at 2025-07-15 00:52:40
[INFO] User bob failed login attempt at 2025-07-15 00:52:50
[ERROR] Server 9 encountered memory leak at 2025-07-15 00:53:00
[ERROR] Server 9 updated configuration at 2025-07-15 00:53:10
[DEBUG] User trent performed system health check at 2025-07-15 00:53:20
[INFO] Backup started at 2025-07-15 00:53:30
[INFO] High CPU usage detected at 2025-07-15 00:53:40
[DEBUG] User ivan accessed dashboard at 2025-07-15 00:53:50
[INFO] Backup started at 2025-07-15 00:54:00
[INFO] User rupert deleted file temp.tmp at 2025-07-15 00:54:10
[WARN] User walter initiated data export at 2025-07-15 00:54:20
[WARN] User eve logged out at 2025-07-15 00:54:30
[WARN] Server 9 started at 2025-07-15 00:54:40
[ERROR] User judy performed system health check at 2025-07-15 00:54:50
[ERROR] User mallory deleted file temp.tmp at 2025-07-15 00:55:00
[ERROR] User dave triggered security alert at 2025-07-15 00:55:10
[ERROR] Server 9 heartbeat OK at 2025-07-15 00:55:20
[INFO] Backup started at 2025-07-15 00:55:30
[INFO] Server 9 received request from 10.0.0.8 at 2025-07-15 00:55:40
[INFO] Disk error on /dev/sda9 at 2025-07-15 00:55:50
[INFO] Query executed: SELECT * FROM logs WHERE user='frank' at 2025-07-15 00:56:00
[INFO] User judy logged out at 2025-07-15 00:56:10
[DEBUG] User rupert changed password at 2025-07-15 00:56:20
[WARN] User trent triggered security alert at 2025-07-15 00:56:30
[WARN] User carol performed system health check at 2025-07-15 00:56:40
[WARN] User heidi failed login attempt at 2025-07-15 00:56:50
[ERROR] Server 9 started at 2025-07-15 00:57:00
[WARN] Backup completed at 2025-07-15 00:57:10
[ERROR] User trent triggered security alert at 2025-07-15 00:57:20
[WARN] User trent imported data.csv at 2025-07-15 00:57:30
[DEBUG] User rupert updated profile at 2025-07-15 00:57:40
[WARN] User mallory deleted file temp.tmp at 2025-07-15 00:57:50
[ERROR] Server 9 heartbeat OK at 2025-07-15 00:58:00
[ERROR] User sybil logged out at 2025-07-15 00:58:10
[ERROR] Server 9 started at 2025-07-15 00:58:20
[DEBUG] Backup started at 2025-07-15 00:58:30
[WARN] User walter logged in at 2025-07-15 00:58:40
[INFO] User frank performed system health check at 2025-07-15 00:58:50
[INFO] User alice failed login attempt at 2025-07-15 00:59:00
[INFO] Backup completed at 2025-07-15 00:59:10
[DEBUG] Backup started at 2025-07-15 00:59:20
[ERROR] Server 9 shutdown at 2025-07-15 00:59:30
[DEBUG] Disk error on /dev/sda9 at 2025-07-15 00:59:40
[INFO] User sybil accessed dashboard at 2025-07-15 00:59:50
[INFO] User walter updated profile at 2025-07-15 01:00:00
[ERROR] High CPU usage detected at 2025-07-15 01:00:10
[ERROR] User peggy failed login attempt at 2025-07-15 01:00:20
[DEBUG] Server 9 started at 2025-07-15 01:00:30
[ERROR] User carol changed password at 2025-07-15 01:00:40
[DEBUG] Server 9 updated configuration at 2025-07-15 01:00:50
[ERROR] User heidi updated profile at 2025-07-15 01:01:00
[INFO] User walter initiated data export at 2025-07-15 01:01:10
[WARN] High CPU usage detected at 2025-07-15 01:01:20
[WARN] User oscar logged out at 2025-07-15 01:01:30
[INFO] Disk error on /dev/sda9 at 2025-07-15 01:01:40
[WARN] Backup started at 2025-07-15 01:01:50
[DEBUG] User sybil triggered security alert at 2025-07-15 01:02:00
[INFO] User niaj accessed dashboard at 2025-07-15 01:02:10
[ERROR] High CPU usage detected at 2025-07-15 01:02:20
[WARN] User heidi logged out at 2025-07-15 01:02:30
[DEBUG] Server 9 started at 2025-07-15 01:02:40
[DEBUG] User heidi logged in at 2025-07-15 01:02:50
[INFO] Server 9 heartbeat OK at 2025-07-15 01:03:00
[ERROR] Disk error on /dev/sda9 at 2025-07-15 01:03:10
[WARN] User mallory triggered security alert at 2025-07-15 01:03:20
[ERROR] Server 9 started at 2025-07-15 01:03:30
[INFO] User sybil failed login attempt at 2025-07-15 01:03:40
[INFO] Server 9 completed log rotation at 2025-07-15 01:03:50
[INFO] Server 9 restarted at 2025-07-15 01:04:00
[WARN] Backup started at 2025-07-15 01:04:10
[INFO] User mallory accessed dashboard at 2025-07-15 01:04:20
[WARN] User oscar imported data.csv at 2025-07-15 01:04:30
[ERROR] Server 9 encountered memory leak at 2025-07-15 01:04:40
[ERROR] User victor initiated data export at 2025-07-15 01:04:50
[WARN] Server 9 received request from 10.0.0.88 at 2025-07-15 01:05:00
[WARN] User oscar uploaded file report.pdf at 2025-07-15 01:05:10
[ERROR] Server 9 encountered memory leak at 2025-07-15 01:05:20
[DEBUG] Query executed: SELECT * FROM logs WHERE user='ivan' at 2025-07-15 01:05:30
[ERROR] Backup completed at 2025-07-15 01:05:40
[ERROR] User oscar failed login attempt at 2025-07-15 01:05:50
[ERROR] User peggy failed login attempt at 2025-07-15 01:06:00
[WARN] User grace initiated data export at 2025-07-15 01:06:10
[INFO] Server 9 updated configuration at 2025-07-15 01:06:20
[INFO] User walter uploaded file report.pdf at 2025-07-15 01:06:30
[ERROR] User eve changed password at 2025-07-15 01:06:40
[INFO] High CPU usage detected at 2025-07-15 01:06:50
[ERROR] User walter updated profile at 2025-07-15 01:07:00
[ERROR] Disk error on /dev/sda9 at 2025-07-15 01:07:10
[ERROR] User ivan accessed dashboard at 2025-07-15 01:07:20
[DEBUG] Backup started at 2025-07-15 01:07:30
[ERROR] User bob uploaded file report.pdf at 2025-07-15 01:07:40
[ERROR] Server 9 heartbeat OK at 2025-07-15 01:07:50
[WARN] User grace failed login attempt at 2025-07-15 01:08:00
[ERROR] Server 9 restarted at 2025-07-15 01:08:10
[ERROR] Backup completed at 2025-07-15 01:08:20
[DEBUG] User victor accessed dashboard at 2025-07-15 01:08:30
[WARN] User ivan failed login attempt at 2025-07-15 01:08:40
[WARN] Server 9 updated configuration at 2025-07-15 01:08:50
[WARN] User heidi updated profile at 2025-07-15 01:09:00
[ERROR] User eve updated profile at 2025-07-15 01:09:10
[INFO] Server 9 completed log rotation at 2025-07-15 01:09:20
[ERROR] User yvonne initiated data export at 2025-07-15 01:09:30
[INFO] Server 9 completed log rotation at 2025-07-15 01:09:40
[ERROR] Server 9 updated configuration at 2025-07-15 01:09:50
[DEBUG] User ivan logged out at 2025-07-15 01:10:00
[WARN] Server 9 completed log rotation at 2025-07-15 01:10:10
[WARN] Server 9 encountered memory leak at 2025-07-15 01:10:20
[WARN] Query executed: SELECT * FROM logs WHERE user='oscar' at 2025-07-15 01:10:30
[INFO] Query executed: SELECT * FROM logs WHERE user='heidi' at 2025-07-15 01:10:40
[DEBUG] Server 9 heartbeat OK at 2025-07-15 01:10:50
[INFO] Server 9 heartbeat OK at 2025-07-15 01:11:00
[WARN] Server 9 completed log rotation at 2025-07-15 01:11:10
[ERROR] User frank imported data.csv at 2025-07-15 01:11:20
[DEBUG] User trent initiated data export at 2025-07-15 01:11:30
[ERROR] Server 9 heartbeat OK at 2025-07-15 01:11:40
[ERROR] User sybil initiated data export at 2025-07-15 01:11:50
[DEBUG] High CPU usage detected at 2025-07-15 01:12:00
[DEBUG] User carol uploaded file report.pdf at 2025-07-15 01:12:10
[WARN] User judy logged out at 2025-07-15 01:12:20
[INFO] Server 9 completed log rotation at 2025-07-15 01:12:30
[DEBUG] Server 9 completed log rotation at 2025-07-15 01:12:40
[INFO] User carol deleted file temp.tmp at 2025-07-15 01:12:50
[DEBUG] User frank initiated data export at 2025-07-15 01:13:00
[ERROR] Server 9 updated configuration at 2025-07-15 01:13:10
[ERROR] User alice initiated data export at 2025-07-15 01:13:20
[WARN] Server 9 started at 2025-07-15 01:13:30
[WARN] Query executed: SELECT * FROM logs WHERE user='oscar' at 2025-07-15 01:13:40
[DEBUG] User yvonne performed system health check at 2025-07-15 01:13:50
[ERROR] Backup completed at 2025-07-15 01:14:00
[DEBUG] High CPU usage detected at 2025-07-15 01:14:10
[INFO] User alice initiated data export at 2025-07-15 01:14:20
[ERROR] Server 9 received request from 10.0.0.245 at 2025-07-15 01:14:30
[INFO] User sybil initiated data export at 2025-07-15 01:14:40
[DEBUG] User oscar uploaded file report.pdf at 2025-07-15 01:14:50
[DEBUG] Server 9 updated configuration at 2025-07-15 01:15:00
[INFO] High CPU usage detected at 2025-07-15 01:15:10
[WARN] Server 9 restarted at 2025-07-15 01:15:20
[ERROR] Disk error on /dev/sda9 at 2025-07-15 01:15:30
[INFO] User dave failed login attempt at 2025-07-15 01:15:40
[INFO] User frank deleted file temp.tmp at 2025-07-15 01:15:50
[DEBUG] User heidi updated profile at 2025-07-15 01:16:00
[WARN] User yvonne failed login attempt at 2025-07-15 01:16:10
[ERROR] User frank logged out at 2025-07-15 01:16:20
[DEBUG] User yvonne initiated data export at 2025-07-15 01:16:30
[ERROR] Server 9 shutdown at 2025-07-15 01:16:40
[ERROR] User alice logged out at 2025-07-15 01:16:50
[INFO] Server 9 completed log rotation at 2025-07-15 01:17:00
[ERROR] High CPU usage detected at 2025-07-15 01:17:10
[WARN] User oscar initiated data export at 2025-07-15 01:17:20
[INFO] Server 9 shutdown at 2025-07-15 01:17:30
[DEBUG] User trent logged in at 2025-07-15 01:17:40
[DEBUG] Server 9 heartbeat OK at 2025-07-15 01:17:50
[ERROR] User trent performed system health check at 2025-07-15 01:18:00
[WARN] Server 9 started at 2025-07-15 01:18:10
[INFO] Query executed: SELECT * FROM logs WHERE user='zach' at 2025-07-15 01:18:20
[DEBUG] Server 9 completed log rotation at 2025-07-15 01:18:30
[INFO] User eve imported data.csv at 2025-07-15 01:18:40
[DEBUG] Backup completed at 2025-07-15 01:18:50
[INFO] User grace logged out at 2025-07-15 01:19:00
[ERROR] Server 9 shutdown at 2025-07-15 01:19:10
[INFO] User peggy uploaded file report.pdf at 2025-07-15 01:19:20
[WARN] User alice failed login attempt at 2025-07-15 01:19:30
[ERROR] User oscar deleted file temp.tmp at 2025-07-15 01:19:40
[ERROR] User walter failed login attempt at 2025-07-15 01:19:50
[DEBUG] User zach accessed dashboard at 2025-07-15 01:20:00
[ERROR] High CPU usage detected at 2025-07-15 01:20:10
[DEBUG] User judy imported data.csv at 2025-07-15 01:20:20
[INFO] User peggy imported data.csv at 2025-07-15 01:20:30
[ERROR] User dave logged in at 2025-07-15 01:20:40
[ERROR] User carol changed password at 2025-07-15 01:20:50
[INFO] Server 9 completed log rotation at 2025-07-15 01:21:00
[INFO] Query executed: SELECT * FROM logs WHERE user='victor' at 2025-07-15 01:21:10
[ERROR] User sybil initiated data export at 2025-07-15 01:21:20
[WARN] User yvonne changed password at 2025-07-15 01:21:30
[ERROR] User yvonne triggered security alert at 2025-07-15 01:21:40
[WARN] Query executed: SELECT * FROM logs WHERE user='eve' at 2025-07-15 01:21:50
[ERROR] Server 9 updated configuration at 2025-07-15 01:22:00
[WARN] Server 9 restarted at 2025-07-15 01:22:10
[ERROR] User rupert failed login attempt at 2025-07-15 01:22:20
[ERROR] High CPU usage detected at 2025-07-15 01:22:30
[INFO] User yvonne uploaded file report.pdf at 2025-07-15 01:22:40
[DEBUG] User bob failed login attempt at 2025-07-15 01:22:50
[DEBUG] User rupert failed login attempt at 2025-07-15 01:23:00
[ERROR] Disk error on /dev/sda9 at 2025-07-15 01:23:10
