[ERROR] User yvonne updated profile at 2025-07-15 00:00:00
[DEBUG] Backup completed at 2025-07-15 00:00:10
[INFO] Server 6 heartbeat OK at 2025-07-15 00:00:20
[DEBUG] Disk error on /dev/sda6 at 2025-07-15 00:00:30
[WARN] User frank logged in at 2025-07-15 00:00:40
[ERROR] User trent logged in at 2025-07-15 00:00:50
[DEBUG] User bob imported data.csv at 2025-07-15 00:01:00
[DEBUG] Query executed: SELECT * FROM logs WHERE user='zach' at 2025-07-15 00:01:10
[DEBUG] Server 6 shutdown at 2025-07-15 00:01:20
[WARN] Server 6 received request from 10.0.0.245 at 2025-07-15 00:01:30
[INFO] Server 6 heartbeat OK at 2025-07-15 00:01:40
[WARN] User grace deleted file temp.tmp at 2025-07-15 00:01:50
[WARN] Server 6 received request from 10.0.0.77 at 2025-07-15 00:02:00
[ERROR] Server 6 updated configuration at 2025-07-15 00:02:10
[DEBUG] Backup completed at 2025-07-15 00:02:20
[INFO] User walter performed system health check at 2025-07-15 00:02:30
[DEBUG] User peggy triggered security alert at 2025-07-15 00:02:40
[ERROR] User carol performed system health check at 2025-07-15 00:02:50
[DEBUG] Disk error on /dev/sda6 at 2025-07-15 00:03:00
[INFO] User trent logged in at 2025-07-15 00:03:10
[ERROR] Server 6 restarted at 2025-07-15 00:03:20
[INFO] Backup completed at 2025-07-15 00:03:30
[DEBUG] Server 6 completed log rotation at 2025-07-15 00:03:40
[ERROR] Server 6 shutdown at 2025-07-15 00:03:50
[ERROR] User carol performed system health check at 2025-07-15 00:04:00
[INFO] User yvonne triggered security alert at 2025-07-15 00:04:10
[DEBUG] User rupert imported data.csv at 2025-07-15 00:04:20
[WARN] User walter uploaded file report.pdf at 2025-07-15 00:04:30
[INFO] User zach imported data.csv at 2025-07-15 00:04:40
[ERROR] Server 6 restarted at 2025-07-15 00:04:50
[DEBUG] Server 6 updated configuration at 2025-07-15 00:05:00
[WARN] Backup completed at 2025-07-15 00:05:10
[DEBUG] User mallory logged out at 2025-07-15 00:05:20
[DEBUG] High CPU usage detected at 2025-07-15 00:05:30
[ERROR] Server 6 shutdown at 2025-07-15 00:05:40
[ERROR] Server 6 restarted at 2025-07-15 00:05:50
[INFO] User walter logged in at 2025-07-15 00:06:00
[INFO] Disk error on /dev/sda6 at 2025-07-15 00:06:10
[INFO] Query executed: SELECT * FROM logs WHERE user='sybil' at 2025-07-15 00:06:20
[DEBUG] User mallory deleted file temp.tmp at 2025-07-15 00:06:30
[DEBUG] User niaj changed password at 2025-07-15 00:06:40
[INFO] User dave performed system health check at 2025-07-15 00:06:50
[DEBUG] User peggy changed password at 2025-07-15 00:07:00
[INFO] User bob failed login attempt at 2025-07-15 00:07:10
[INFO] User zach failed login attempt at 2025-07-15 00:07:20
[DEBUG] Server 6 updated configuration at 2025-07-15 00:07:30
[INFO] Server 6 completed log rotation at 2025-07-15 00:07:40
[INFO] Server 6 heartbeat OK at 2025-07-15 00:07:50
[DEBUG] Server 6 started at 2025-07-15 00:08:00
[ERROR] Disk error on /dev/sda6 at 2025-07-15 00:08:10
[DEBUG] Server 6 completed log rotation at 2025-07-15 00:08:20
[DEBUG] High CPU usage detected at 2025-07-15 00:08:30
[ERROR] Backup completed at 2025-07-15 00:08:40
[INFO] User victor logged in at 2025-07-15 00:08:50
[INFO] Server 6 encountered memory leak at 2025-07-15 00:09:00
[WARN] Server 6 received request from 10.0.0.140 at 2025-07-15 00:09:10
[DEBUG] Backup started at 2025-07-15 00:09:20
[INFO] User mallory updated profile at 2025-07-15 00:09:30
[DEBUG] Server 6 restarted at 2025-07-15 00:09:40
[ERROR] User victor initiated data export at 2025-07-15 00:09:50
[ERROR] High CPU usage detected at 2025-07-15 00:10:00
[DEBUG] User zach uploaded file report.pdf at 2025-07-15 00:10:10
[WARN] User carol accessed dashboard at 2025-07-15 00:10:20
[ERROR] Server 6 encountered memory leak at 2025-07-15 00:10:30
[WARN] Server 6 encountered memory leak at 2025-07-15 00:10:40
[ERROR] User zach uploaded file report.pdf at 2025-07-15 00:10:50
[INFO] Backup completed at 2025-07-15 00:11:00
[WARN] Server 6 heartbeat OK at 2025-07-15 00:11:10
[WARN] User walter accessed dashboard at 2025-07-15 00:11:20
[WARN] User bob performed system health check at 2025-07-15 00:11:30
[WARN] User yvonne failed login attempt at 2025-07-15 00:11:40
[WARN] User dave accessed dashboard at 2025-07-15 00:11:50
[WARN] User walter uploaded file report.pdf at 2025-07-15 00:12:00
[DEBUG] High CPU usage detected at 2025-07-15 00:12:10
[INFO] Server 6 started at 2025-07-15 00:12:20
[DEBUG] User mallory logged out at 2025-07-15 00:12:30
[DEBUG] Server 6 restarted at 2025-07-15 00:12:40
[INFO] High CPU usage detected at 2025-07-15 00:12:50
[DEBUG] Server 6 started at 2025-07-15 00:13:00
[INFO] Server 6 updated configuration at 2025-07-15 00:13:10
[DEBUG] Server 6 updated configuration at 2025-07-15 00:13:20
[DEBUG] User carol changed password at 2025-07-15 00:13:30
[DEBUG] Server 6 completed log rotation at 2025-07-15 00:13:40
[ERROR] Server 6 completed log rotation at 2025-07-15 00:13:50
[DEBUG] User ivan logged in at 2025-07-15 00:14:00
[WARN] User carol triggered security alert at 2025-07-15 00:14:10
[ERROR] Backup started at 2025-07-15 00:14:20
[ERROR] Server 6 started at 2025-07-15 00:14:30
[DEBUG] User carol accessed dashboard at 2025-07-15 00:14:40
[DEBUG] Backup completed at 2025-07-15 00:14:50
[WARN] User bob logged in at 2025-07-15 00:15:00
[ERROR] User dave updated profile at 2025-07-15 00:15:10
[DEBUG] Backup completed at 2025-07-15 00:15:20
[DEBUG] Backup started at 2025-07-15 00:15:30
[INFO] User trent logged out at 2025-07-15 00:15:40
[INFO] User trent changed password at 2025-07-15 00:15:50
[DEBUG] User peggy accessed dashboard at 2025-07-15 00:16:00
[ERROR] User oscar failed login attempt at 2025-07-15 00:16:10
[DEBUG] User mallory initiated data export at 2025-07-15 00:16:20
[WARN] Server 6 updated configuration at 2025-07-15 00:16:30
[INFO] Server 6 completed log rotation at 2025-07-15 00:16:40
[WARN] Disk error on /dev/sda6 at 2025-07-15 00:16:50
[DEBUG] User frank accessed dashboard at 2025-07-15 00:17:00
[INFO] Server 6 restarted at 2025-07-15 00:17:10
[ERROR] User niaj triggered security alert at 2025-07-15 00:17:20
[WARN] Query executed: SELECT * FROM logs WHERE user='bob' at 2025-07-15 00:17:30
[INFO] User yvonne failed login attempt at 2025-07-15 00:17:40
[DEBUG] Disk error on /dev/sda6 at 2025-07-15 00:17:50
[WARN] Backup completed at 2025-07-15 00:18:00
[DEBUG] Server 6 heartbeat OK at 2025-07-15 00:18:10
[WARN] Server 6 started at 2025-07-15 00:18:20
[INFO] User dave performed system health check at 2025-07-15 00:18:30
[WARN] User dave logged in at 2025-07-15 00:18:40
[DEBUG] User mallory accessed dashboard at 2025-07-15 00:18:50
[ERROR] Server 6 shutdown at 2025-07-15 00:19:00
[INFO] User dave initiated data export at 2025-07-15 00:19:10
[INFO] Server 6 encountered memory leak at 2025-07-15 00:19:20
[DEBUG] Server 6 updated configuration at 2025-07-15 00:19:30
[INFO] Disk error on /dev/sda6 at 2025-07-15 00:19:40
[DEBUG] User zach failed login attempt at 2025-07-15 00:19:50
[INFO] User peggy imported data.csv at 2025-07-15 00:20:00
[WARN] High CPU usage detected at 2025-07-15 00:20:10
[INFO] Backup started at 2025-07-15 00:20:20
[DEBUG] User judy logged in at 2025-07-15 00:20:30
[ERROR] User dave imported data.csv at 2025-07-15 00:20:40
[INFO] Server 6 completed log rotation at 2025-07-15 00:20:50
[DEBUG] User ivan logged in at 2025-07-15 00:21:00
[INFO] Server 6 encountered memory leak at 2025-07-15 00:21:10
[WARN] User trent performed system health check at 2025-07-15 00:21:20
[ERROR] Backup started at 2025-07-15 00:21:30
[INFO] Server 6 restarted at 2025-07-15 00:21:40
[ERROR] User ivan failed login attempt at 2025-07-15 00:21:50
[ERROR] Backup completed at 2025-07-15 00:22:00
[WARN] User judy failed login attempt at 2025-07-15 00:22:10
[INFO] User yvonne deleted file temp.tmp at 2025-07-15 00:22:20
[ERROR] User victor uploaded file report.pdf at 2025-07-15 00:22:30
[WARN] User rupert failed login attempt at 2025-07-15 00:22:40
[ERROR] User alice deleted file temp.tmp at 2025-07-15 00:22:50
[INFO] Server 6 restarted at 2025-07-15 00:23:00
[WARN] Server 6 shutdown at 2025-07-15 00:23:10
[ERROR] User dave accessed dashboard at 2025-07-15 00:23:20
[DEBUG] Server 6 completed log rotation at 2025-07-15 00:23:30
[WARN] User judy failed login attempt at 2025-07-15 00:23:40
[DEBUG] Server 6 heartbeat OK at 2025-07-15 00:23:50
[DEBUG] User walter logged out at 2025-07-15 00:24:00
[ERROR] Server 6 completed log rotation at 2025-07-15 00:24:10
[WARN] User peggy accessed dashboard at 2025-07-15 00:24:20
[DEBUG] User grace logged in at 2025-07-15 00:24:30
[INFO] Backup completed at 2025-07-15 00:24:40
[WARN] User peggy updated profile at 2025-07-15 00:24:50
[INFO] User zach imported data.csv at 2025-07-15 00:25:00
[WARN] User victor failed login attempt at 2025-07-15 00:25:10
[DEBUG] Backup started at 2025-07-15 00:25:20
[WARN] Server 6 shutdown at 2025-07-15 00:25:30
[ERROR] Disk error on /dev/sda6 at 2025-07-15 00:25:40
[DEBUG] High CPU usage detected at 2025-07-15 00:25:50
[ERROR] User carol failed login attempt at 2025-07-15 00:26:00
[INFO] User zach logged out at 2025-07-15 00:26:10
[INFO] Query executed: SELECT * FROM logs WHERE user='oscar' at 2025-07-15 00:26:20
[INFO] Disk error on /dev/sda6 at 2025-07-15 00:26:30
[INFO] User trent imported data.csv at 2025-07-15 00:26:40
[DEBUG] Server 6 updated configuration at 2025-07-15 00:26:50
[ERROR] User heidi accessed dashboard at 2025-07-15 00:27:00
[WARN] User bob failed login attempt at 2025-07-15 00:27:10
[WARN] Server 6 heartbeat OK at 2025-07-15 00:27:20
[DEBUG] User bob failed login attempt at 2025-07-15 00:27:30
[DEBUG] Server 6 encountered memory leak at 2025-07-15 00:27:40
[INFO] Server 6 shutdown at 2025-07-15 00:27:50
[WARN] Server 6 completed log rotation at 2025-07-15 00:28:00
[ERROR] Disk error on /dev/sda6 at 2025-07-15 00:28:10
[INFO] High CPU usage detected at 2025-07-15 00:28:20
[ERROR] Server 6 encountered memory leak at 2025-07-15 00:28:30
[INFO] User ivan failed login attempt at 2025-07-15 00:28:40
[WARN] User rupert uploaded file report.pdf at 2025-07-15 00:28:50
[WARN] User walter changed password at 2025-07-15 00:29:00
[WARN] User niaj performed system health check at 2025-07-15 00:29:10
[WARN] User alice uploaded file report.pdf at 2025-07-15 00:29:20
[DEBUG] High CPU usage detected at 2025-07-15 00:29:30
[WARN] User bob deleted file temp.tmp at 2025-07-15 00:29:40
[WARN] User alice initiated data export at 2025-07-15 00:29:50
[INFO] Server 6 received request from 10.0.0.108 at 2025-07-15 00:30:00
[INFO] User bob imported data.csv at 2025-07-15 00:30:10
[ERROR] Disk error on /dev/sda6 at 2025-07-15 00:30:20
[WARN] Server 6 heartbeat OK at 2025-07-15 00:30:30
[INFO] Server 6 restarted at 2025-07-15 00:30:40
[DEBUG] Server 6 completed log rotation at 2025-07-15 00:30:50
[ERROR] User judy changed password at 2025-07-15 00:31:00
[WARN] Server 6 received request from 10.0.0.137 at 2025-07-15 00:31:10
[DEBUG] User rupert deleted file temp.tmp at 2025-07-15 00:31:20
[INFO] Server 6 encountered memory leak at 2025-07-15 00:31:30
[ERROR] Server 6 updated configuration at 2025-07-15 00:31:40
[WARN] Server 6 completed log rotation at 2025-07-15 00:31:50
[WARN] User mallory failed login attempt at 2025-07-15 00:32:00
[INFO] User victor updated profile at 2025-07-15 00:32:10
[WARN] User oscar failed login attempt at 2025-07-15 00:32:20
[INFO] User yvonne uploaded file report.pdf at 2025-07-15 00:32:30
[INFO] User heidi initiated data export at 2025-07-15 00:32:40
[WARN] Query executed: SELECT * FROM logs WHERE user='oscar' at 2025-07-15 00:32:50
[DEBUG] User bob uploaded file report.pdf at 2025-07-15 00:33:00
[ERROR] Disk error on /dev/sda6 at 2025-07-15 00:33:10
[INFO] User bob accessed dashboard at 2025-07-15 00:33:20
[INFO] User walter uploaded file report.pdf at 2025-07-15 00:33:30
[INFO] User trent imported data.csv at 2025-07-15 00:33:40
[DEBUG] Server 6 restarted at 2025-07-15 00:33:50
[DEBUG] User judy initiated data export at 2025-07-15 00:34:00
[DEBUG] User alice logged in at 2025-07-15 00:34:10
[DEBUG] Server 6 updated configuration at 2025-07-15 00:34:20
[INFO] User grace deleted file temp.tmp at 2025-07-15 00:34:30
[ERROR] User mallory imported data.csv at 2025-07-15 00:34:40
[ERROR] Server 6 encountered memory leak at 2025-07-15 00:34:50
[WARN] User sybil imported data.csv at 2025-07-15 00:35:00
[INFO] Server 6 restarted at 2025-07-15 00:35:10
[DEBUG] User judy updated profile at 2025-07-15 00:35:20
[WARN] User ivan changed password at 2025-07-15 00:35:30
[WARN] Server 6 updated configuration at 2025-07-15 00:35:40
[WARN] Server 6 received request from 10.0.0.142 at 2025-07-15 00:35:50
[INFO] Server 6 heartbeat OK at 2025-07-15 00:36:00
[ERROR] User eve performed system health check at 2025-07-15 00:36:10
[ERROR] User peggy logged out at 2025-07-15 00:36:20
[DEBUG] User dave changed password at 2025-07-15 00:36:30
[INFO] User victor logged in at 2025-07-15 00:36:40
[ERROR] User oscar updated profile at 2025-07-15 00:36:50
[WARN] User grace failed login attempt at 2025-07-15 00:37:00
[DEBUG] User oscar performed system health check at 2025-07-15 00:37:10
[WARN] User frank logged out at 2025-07-15 00:37:20
[DEBUG] Server 6 heartbeat OK at 2025-07-15 00:37:30
[INFO] Server 6 started at 2025-07-15 00:37:40
[WARN] Server 6 shutdown at 2025-07-15 00:37:50
[ERROR] Query executed: SELECT * FROM logs WHERE user='trent' at 2025-07-15 00:38:00
[DEBUG] User rupert imported data.csv at 2025-07-15 00:38:10
[DEBUG] User eve performed system health check at 2025-07-15 00:38:20
[ERROR] User victor updated profile at 2025-07-15 00:38:30
[DEBUG] Server 6 shutdown at 2025-07-15 00:38:40
[WARN] User grace logged out at 2025-07-15 00:38:50
[ERROR] Disk error on /dev/sda6 at 2025-07-15 00:39:00
[DEBUG] User oscar triggered security alert at 2025-07-15 00:39:10
[WARN] Server 6 shutdown at 2025-07-15 00:39:20
[WARN] User bob changed password at 2025-07-15 00:39:30
[INFO] User judy performed system health check at 2025-07-15 00:39:40
[WARN] Query executed: SELECT * FROM logs WHERE user='mallory' at 2025-07-15 00:39:50
[DEBUG] Server 6 encountered memory leak at 2025-07-15 00:40:00
[ERROR] Backup completed at 2025-07-15 00:40:10
[DEBUG] User grace triggered security alert at 2025-07-15 00:40:20
[INFO] Server 6 restarted at 2025-07-15 00:40:30
[DEBUG] Disk error on /dev/sda6 at 2025-07-15 00:40:40
[WARN] Server 6 updated configuration at 2025-07-15 00:40:50
[INFO] Server 6 shutdown at 2025-07-15 00:41:00
[INFO] Server 6 received request from 10.0.0.89 at 2025-07-15 00:41:10
[DEBUG] User mallory changed password at 2025-07-15 00:41:20
[DEBUG] Server 6 received request from 10.0.0.221 at 2025-07-15 00:41:30
[DEBUG] User walter changed password at 2025-07-15 00:41:40
[INFO] Backup started at 2025-07-15 00:41:50
[WARN] User grace logged out at 2025-07-15 00:42:00
[WARN] User niaj imported data.csv at 2025-07-15 00:42:10
[ERROR] High CPU usage detected at 2025-07-15 00:42:20
[ERROR] User bob logged in at 2025-07-15 00:42:30
[DEBUG] Server 6 encountered memory leak at 2025-07-15 00:42:40
[WARN] Server 6 encountered memory leak at 2025-07-15 00:42:50
[INFO] User judy deleted file temp.tmp at 2025-07-15 00:43:00
[ERROR] User walter imported data.csv at 2025-07-15 00:43:10
[INFO] User alice logged out at 2025-07-15 00:43:20
[INFO] User victor deleted file temp.tmp at 2025-07-15 00:43:30
[INFO] User bob deleted file temp.tmp at 2025-07-15 00:43:40
[INFO] Server 6 heartbeat OK at 2025-07-15 00:43:50
[WARN] Server 6 shutdown at 2025-07-15 00:44:00
[INFO] User niaj performed system health check at 2025-07-15 00:44:10
[WARN] User carol changed password at 2025-07-15 00:44:20
[INFO] User mallory uploaded file report.pdf at 2025-07-15 00:44:30
[WARN] Server 6 updated configuration at 2025-07-15 00:44:40
[WARN] User frank triggered security alert at 2025-07-15 00:44:50
[INFO] User walter failed login attempt at 2025-07-15 00:45:00
[INFO] Server 6 shutdown at 2025-07-15 00:45:10
[WARN] Server 6 restarted at 2025-07-15 00:45:20
[INFO] User victor updated profile at 2025-07-15 00:45:30
[WARN] User zach updated profile at 2025-07-15 00:45:40
[INFO] User mallory triggered security alert at 2025-07-15 00:45:50
[DEBUG] Server 6 updated configuration at 2025-07-15 00:46:00
[DEBUG] User yvonne uploaded file report.pdf at 2025-07-15 00:46:10
[ERROR] User grace performed system health check at 2025-07-15 00:46:20
[INFO] User trent initiated data export at 2025-07-15 00:46:30
[ERROR] Server 6 started at 2025-07-15 00:46:40
[INFO] Server 6 encountered memory leak at 2025-07-15 00:46:50
[WARN] High CPU usage detected at 2025-07-15 00:47:00
[DEBUG] User frank accessed dashboard at 2025-07-15 00:47:10
[INFO] User sybil performed system health check at 2025-07-15 00:47:20
[WARN] User eve triggered security alert at 2025-07-15 00:47:30
[WARN] User mallory initiated data export at 2025-07-15 00:47:40
[DEBUG] Server 6 started at 2025-07-15 00:47:50
[ERROR] High CPU usage detected at 2025-07-15 00:48:00
[ERROR] Server 6 received request from 10.0.0.13 at 2025-07-15 00:48:10
[DEBUG] User niaj imported data.csv at 2025-07-15 00:48:20
[ERROR] Server 6 completed log rotation at 2025-07-15 00:48:30
[WARN] User oscar uploaded file report.pdf at 2025-07-15 00:48:40
[ERROR] High CPU usage detected at 2025-07-15 00:48:50
[INFO] User peggy updated profile at 2025-07-15 00:49:00
[DEBUG] User rupert imported data.csv at 2025-07-15 00:49:10
[INFO] Backup started at 2025-07-15 00:49:20
[WARN] Backup started at 2025-07-15 00:49:30
[DEBUG] Server 6 encountered memory leak at 2025-07-15 00:49:40
[DEBUG] Server 6 restarted at 2025-07-15 00:49:50
[ERROR] User mallory failed login attempt at 2025-07-15 00:50:00
[ERROR] User zach deleted file temp.tmp at 2025-07-15 00:50:10
[ERROR] Backup completed at 2025-07-15 00:50:20
[ERROR] User ivan deleted file temp.tmp at 2025-07-15 00:50:30
[INFO] Backup completed at 2025-07-15 00:50:40
[INFO] User walter imported data.csv at 2025-07-15 00:50:50
[INFO] Server 6 completed log rotation at 2025-07-15 00:51:00
[WARN] Disk error on /dev/sda6 at 2025-07-15 00:51:10
[INFO] Backup completed at 2025-07-15 00:51:20
[INFO] Server 6 started at 2025-07-15 00:51:30
[INFO] Server 6 shutdown at 2025-07-15 00:51:40
[ERROR] User dave accessed dashboard at 2025-07-15 00:51:50
[WARN] Query executed: SELECT * FROM logs WHERE user='eve' at 2025-07-15 00:52:00
[WARN] User bob triggered security alert at 2025-07-15 00:52:10
[DEBUG] Server 6 shutdown at 2025-07-15 00:52:20
[DEBUG] Backup completed at 2025-07-15 00:52:30
[DEBUG] Query executed: SELECT * FROM logs WHERE user='eve' at 2025-07-15 00:52:40
[DEBUG] User dave uploaded file report.pdf at 2025-07-15 00:52:50
[WARN] User ivan uploaded file report.pdf at 2025-07-15 00:53:00
[WARN] High CPU usage detected at 2025-07-15 00:53:10
[DEBUG] User niaj initiated data export at 2025-07-15 00:53:20
[WARN] Server 6 heartbeat OK at 2025-07-15 00:53:30
[INFO] User bob accessed dashboard at 2025-07-15 00:53:40
[DEBUG] Server 6 shutdown at 2025-07-15 00:53:50
[WARN] User ivan logged out at 2025-07-15 00:54:00
[ERROR] User carol initiated data export at 2025-07-15 00:54:10
[WARN] User peggy uploaded file report.pdf at 2025-07-15 00:54:20
[ERROR] Server 6 received request from 10.0.0.95 at 2025-07-15 00:54:30
[ERROR] User alice triggered security alert at 2025-07-15 00:54:40
[ERROR] Server 6 received request from 10.0.0.29 at 2025-07-15 00:54:50
[INFO] User victor uploaded file report.pdf at 2025-07-15 00:55:00
[INFO] Server 6 started at 2025-07-15 00:55:10
[DEBUG] Backup started at 2025-07-15 00:55:20
[DEBUG] User oscar triggered security alert at 2025-07-15 00:55:30
[DEBUG] User rupert performed system health check at 2025-07-15 00:55:40
[ERROR] Server 6 started at 2025-07-15 00:55:50
[DEBUG] User niaj performed system health check at 2025-07-15 00:56:00
[DEBUG] User eve imported data.csv at 2025-07-15 00:56:10
[INFO] User victor triggered security alert at 2025-07-15 00:56:20
[WARN] User carol logged in at 2025-07-15 00:56:30
[ERROR] User grace performed system health check at 2025-07-15 00:56:40
[ERROR] User walter failed login attempt at 2025-07-15 00:56:50
[DEBUG] Server 6 shutdown at 2025-07-15 00:57:00
[ERROR] User victor imported data.csv at 2025-07-15 00:57:10
[ERROR] User zach updated profile at 2025-07-15 00:57:20
[DEBUG] Server 6 updated configuration at 2025-07-15 00:57:30
[INFO] High CPU usage detected at 2025-07-15 00:57:40
[DEBUG] Backup started at 2025-07-15 00:57:50
[WARN] Server 6 shutdown at 2025-07-15 00:58:00
[WARN] Backup started at 2025-07-15 00:58:10
[DEBUG] User eve uploaded file report.pdf at 2025-07-15 00:58:20
[DEBUG] User zach logged out at 2025-07-15 00:58:30
[DEBUG] Server 6 completed log rotation at 2025-07-15 00:58:40
[DEBUG] User carol updated profile at 2025-07-15 00:58:50
[WARN] Server 6 heartbeat OK at 2025-07-15 00:59:00
[INFO] Server 6 completed log rotation at 2025-07-15 00:59:10
[WARN] User peggy imported data.csv at 2025-07-15 00:59:20
[WARN] Server 6 encountered memory leak at 2025-07-15 00:59:30
[INFO] User eve failed login attempt at 2025-07-15 00:59:40
[ERROR] User grace accessed dashboard at 2025-07-15 00:59:50
[INFO] Server 6 started at 2025-07-15 01:00:00
[INFO] Disk error on /dev/sda6 at 2025-07-15 01:00:10
[ERROR] User peggy updated profile at 2025-07-15 01:00:20
[ERROR] User dave triggered security alert at 2025-07-15 01:00:30
[WARN] Server 6 started at 2025-07-15 01:00:40
[WARN] User mallory deleted file temp.tmp at 2025-07-15 01:00:50
[WARN] User mallory logged out at 2025-07-15 01:01:00
[WARN] User eve changed password at 2025-07-15 01:01:10
[INFO] User peggy triggered security alert at 2025-07-15 01:01:20
[WARN] User victor accessed dashboard at 2025-07-15 01:01:30
[DEBUG] Backup completed at 2025-07-15 01:01:40
[INFO] User rupert uploaded file report.pdf at 2025-07-15 01:01:50
[DEBUG] User yvonne logged out at 2025-07-15 01:02:00
[DEBUG] Server 6 restarted at 2025-07-15 01:02:10
[DEBUG] Server 6 shutdown at 2025-07-15 01:02:20
[WARN] Server 6 received request from 10.0.0.229 at 2025-07-15 01:02:30
[DEBUG] Backup completed at 2025-07-15 01:02:40
[ERROR] User ivan triggered security alert at 2025-07-15 01:02:50
[DEBUG] High CPU usage detected at 2025-07-15 01:03:00
[DEBUG] User alice uploaded file report.pdf at 2025-07-15 01:03:10
[WARN] User eve deleted file temp.tmp at 2025-07-15 01:03:20
[WARN] User ivan triggered security alert at 2025-07-15 01:03:30
[WARN] User heidi updated profile at 2025-07-15 01:03:40
[INFO] User mallory performed system health check at 2025-07-15 01:03:50
[DEBUG] Backup started at 2025-07-15 01:04:00
[ERROR] Server 6 shutdown at 2025-07-15 01:04:10
[ERROR] User oscar triggered security alert at 2025-07-15 01:04:20
[WARN] User zach failed login attempt at 2025-07-15 01:04:30
[INFO] Backup completed at 2025-07-15 01:04:40
[INFO] Server 6 shutdown at 2025-07-15 01:04:50
[WARN] Server 6 received request from 10.0.0.103 at 2025-07-15 01:05:00
[ERROR] Server 6 started at 2025-07-15 01:05:10
[DEBUG] User peggy triggered security alert at 2025-07-15 01:05:20
[INFO] User ivan triggered security alert at 2025-07-15 01:05:30
[ERROR] User oscar deleted file temp.tmp at 2025-07-15 01:05:40
[ERROR] User alice deleted file temp.tmp at 2025-07-15 01:05:50
[WARN] User grace triggered security alert at 2025-07-15 01:06:00
[DEBUG] User oscar deleted file temp.tmp at 2025-07-15 01:06:10
[DEBUG] User yvonne updated profile at 2025-07-15 01:06:20
[WARN] User judy failed login attempt at 2025-07-15 01:06:30
[INFO] User sybil logged in at 2025-07-15 01:06:40
[WARN] User walter changed password at 2025-07-15 01:06:50
[DEBUG] Server 6 encountered memory leak at 2025-07-15 01:07:00
[INFO] User oscar initiated data export at 2025-07-15 01:07:10
[INFO] Server 6 restarted at 2025-07-15 01:07:20
[WARN] Backup completed at 2025-07-15 01:07:30
[INFO] Server 6 received request from 10.0.0.201 at 2025-07-15 01:07:40
[INFO] Server 6 started at 2025-07-15 01:07:50
[WARN] User mallory imported data.csv at 2025-07-15 01:08:00
[INFO] User carol changed password at 2025-07-15 01:08:10
[INFO] High CPU usage detected at 2025-07-15 01:08:20
[WARN] Server 6 updated configuration at 2025-07-15 01:08:30
[DEBUG] Server 6 heartbeat OK at 2025-07-15 01:08:40
[DEBUG] User bob failed login attempt at 2025-07-15 01:08:50
[INFO] User walter changed password at 2025-07-15 01:09:00
[ERROR] User carol triggered security alert at 2025-07-15 01:09:10
[INFO] Server 6 shutdown at 2025-07-15 01:09:20
[INFO] User niaj changed password at 2025-07-15 01:09:30
[WARN] Server 6 completed log rotation at 2025-07-15 01:09:40
[DEBUG] Server 6 heartbeat OK at 2025-07-15 01:09:50
[INFO] User heidi performed system health check at 2025-07-15 01:10:00
[WARN] Server 6 started at 2025-07-15 01:10:10
[ERROR] User dave updated profile at 2025-07-15 01:10:20
[INFO] Backup completed at 2025-07-15 01:10:30
[INFO] User heidi logged out at 2025-07-15 01:10:40
[WARN] User frank changed password at 2025-07-15 01:10:50
[WARN] User yvonne changed password at 2025-07-15 01:11:00
[INFO] Disk error on /dev/sda6 at 2025-07-15 01:11:10
[DEBUG] User judy uploaded file report.pdf at 2025-07-15 01:11:20
[ERROR] Server 6 received request from 10.0.0.192 at 2025-07-15 01:11:30
[ERROR] Query executed: SELECT * FROM logs WHERE user='grace' at 2025-07-15 01:11:40
[INFO] User oscar logged in at 2025-07-15 01:11:50
[DEBUG] Backup started at 2025-07-15 01:12:00
[ERROR] User walter performed system health check at 2025-07-15 01:12:10
[DEBUG] Server 6 heartbeat OK at 2025-07-15 01:12:20
[DEBUG] User victor failed login attempt at 2025-07-15 01:12:30
[ERROR] Server 6 started at 2025-07-15 01:12:40
[ERROR] User sybil deleted file temp.tmp at 2025-07-15 01:12:50
[DEBUG] User heidi logged in at 2025-07-15 01:13:00
[WARN] Server 6 restarted at 2025-07-15 01:13:10
[ERROR] Backup started at 2025-07-15 01:13:20
[DEBUG] User victor logged in at 2025-07-15 01:13:30
[WARN] User rupert initiated data export at 2025-07-15 01:13:40
[WARN] User trent logged in at 2025-07-15 01:13:50
[ERROR] User rupert logged out at 2025-07-15 01:14:00
[WARN] Server 6 restarted at 2025-07-15 01:14:10
[ERROR] Query executed: SELECT * FROM logs WHERE user='ivan' at 2025-07-15 01:14:20
[WARN] Server 6 started at 2025-07-15 01:14:30
[ERROR] Server 6 updated configuration at 2025-07-15 01:14:40
[ERROR] Server 6 completed log rotation at 2025-07-15 01:14:50
[WARN] User bob logged in at 2025-07-15 01:15:00
[INFO] User frank initiated data export at 2025-07-15 01:15:10
[WARN] Server 6 encountered memory leak at 2025-07-15 01:15:20
[ERROR] User frank triggered security alert at 2025-07-15 01:15:30
[ERROR] Server 6 started at 2025-07-15 01:15:40
[INFO] Server 6 started at 2025-07-15 01:15:50
[DEBUG] High CPU usage detected at 2025-07-15 01:16:00
[ERROR] User mallory logged out at 2025-07-15 01:16:10
[DEBUG] User trent updated profile at 2025-07-15 01:16:20
[DEBUG] User niaj imported data.csv at 2025-07-15 01:16:30
[ERROR] Server 6 started at 2025-07-15 01:16:40
[WARN] User eve logged in at 2025-07-15 01:16:50
[INFO] User bob triggered security alert at 2025-07-15 01:17:00
[DEBUG] User ivan triggered security alert at 2025-07-15 01:17:10
[DEBUG] Server 6 updated configuration at 2025-07-15 01:17:20
[INFO] Server 6 completed log rotation at 2025-07-15 01:17:30
[ERROR] Server 6 encountered memory leak at 2025-07-15 01:17:40
[INFO] User frank logged in at 2025-07-15 01:17:50
[INFO] Server 6 restarted at 2025-07-15 01:18:00
[WARN] Server 6 restarted at 2025-07-15 01:18:10
[INFO] User yvonne accessed dashboard at 2025-07-15 01:18:20
[INFO] Server 6 restarted at 2025-07-15 01:18:30
[INFO] Server 6 heartbeat OK at 2025-07-15 01:18:40
[DEBUG] User zach performed system health check at 2025-07-15 01:18:50
[ERROR] User ivan changed password at 2025-07-15 01:19:00
[INFO] Server 6 completed log rotation at 2025-07-15 01:19:10
[WARN] User sybil changed password at 2025-07-15 01:19:20
[ERROR] User peggy deleted file temp.tmp at 2025-07-15 01:19:30
[DEBUG] Query executed: SELECT * FROM logs WHERE user='rupert' at 2025-07-15 01:19:40
[INFO] Server 6 completed log rotation at 2025-07-15 01:19:50
[DEBUG] User alice initiated data export at 2025-07-15 01:20:00
[INFO] High CPU usage detected at 2025-07-15 01:20:10
[WARN] User frank changed password at 2025-07-15 01:20:20
[INFO] High CPU usage detected at 2025-07-15 01:20:30
[INFO] Backup started at 2025-07-15 01:20:40
[DEBUG] Disk error on /dev/sda6 at 2025-07-15 01:20:50
[DEBUG] Server 6 heartbeat OK at 2025-07-15 01:21:00
[WARN] User zach changed password at 2025-07-15 01:21:10
[INFO] High CPU usage detected at 2025-07-15 01:21:20
[WARN] Server 6 received request from 10.0.0.30 at 2025-07-15 01:21:30
[WARN] User peggy failed login attempt at 2025-07-15 01:21:40
[DEBUG] User oscar updated profile at 2025-07-15 01:21:50
[INFO] Server 6 heartbeat OK at 2025-07-15 01:22:00
[WARN] Server 6 heartbeat OK at 2025-07-15 01:22:10
[INFO] User judy imported data.csv at 2025-07-15 01:22:20
[ERROR] High CPU usage detected at 2025-07-15 01:22:30
[ERROR] User ivan updated profile at 2025-07-15 01:22:40
[DEBUG] Server 6 updated configuration at 2025-07-15 01:22:50
[WARN] User trent imported data.csv at 2025-07-15 01:23:00
[INFO] Server 6 shutdown at 2025-07-15 01:23:10
