[INFO] Server 8 shutdown at 2025-07-15 00:00:00
[INFO] User zach logged in at 2025-07-15 00:00:10
[ERROR] Server 8 encountered memory leak at 2025-07-15 00:00:20
[ERROR] User niaj changed password at 2025-07-15 00:00:30
[INFO] User bob imported data.csv at 2025-07-15 00:00:40
[INFO] Server 8 restarted at 2025-07-15 00:00:50
[WARN] User ivan triggered security alert at 2025-07-15 00:01:00
[DEBUG] Backup completed at 2025-07-15 00:01:10
[ERROR] Query executed: SELECT * FROM logs WHERE user='walter' at 2025-07-15 00:01:20
[INFO] Server 8 completed log rotation at 2025-07-15 00:01:30
[DEBUG] Server 8 restarted at 2025-07-15 00:01:40
[INFO] Server 8 heartbeat OK at 2025-07-15 00:01:50
[INFO] Server 8 shutdown at 2025-07-15 00:02:00
[WARN] Server 8 updated configuration at 2025-07-15 00:02:10
[DEBUG] Server 8 restarted at 2025-07-15 00:02:20
[INFO] User dave logged in at 2025-07-15 00:02:30
[ERROR] User yvonne changed password at 2025-07-15 00:02:40
[INFO] Server 8 updated configuration at 2025-07-15 00:02:50
[INFO] User rupert deleted file temp.tmp at 2025-07-15 00:03:00
[DEBUG] User ivan uploaded file report.pdf at 2025-07-15 00:03:10
[DEBUG] Server 8 completed log rotation at 2025-07-15 00:03:20
[INFO] User trent triggered security alert at 2025-07-15 00:03:30
[INFO] User eve failed login attempt at 2025-07-15 00:03:40
[WARN] User eve updated profile at 2025-07-15 00:03:50
[ERROR] User mallory triggered security alert at 2025-07-15 00:04:00
[ERROR] User judy performed system health check at 2025-07-15 00:04:10
[INFO] Server 8 started at 2025-07-15 00:04:20
[DEBUG] User heidi uploaded file report.pdf at 2025-07-15 00:04:30
[WARN] User grace initiated data export at 2025-07-15 00:04:40
[WARN] Server 8 encountered memory leak at 2025-07-15 00:04:50
[WARN] Server 8 completed log rotation at 2025-07-15 00:05:00
[DEBUG] User trent uploaded file report.pdf at 2025-07-15 00:05:10
[ERROR] Server 8 received request from 10.0.0.72 at 2025-07-15 00:05:20
[ERROR] Server 8 updated configuration at 2025-07-15 00:05:30
[WARN] User heidi logged out at 2025-07-15 00:05:40
[DEBUG] User judy imported data.csv at 2025-07-15 00:05:50
[ERROR] User walter updated profile at 2025-07-15 00:06:00
[WARN] User alice accessed dashboard at 2025-07-15 00:06:10
[WARN] User alice accessed dashboard at 2025-07-15 00:06:20
[ERROR] User eve updated profile at 2025-07-15 00:06:30
[ERROR] User carol updated profile at 2025-07-15 00:06:40
[ERROR] Backup started at 2025-07-15 00:06:50
[INFO] Server 8 completed log rotation at 2025-07-15 00:07:00
[WARN] Query executed: SELECT * FROM logs WHERE user='eve' at 2025-07-15 00:07:10
[WARN] Backup completed at 2025-07-15 00:07:20
[DEBUG] Server 8 shutdown at 2025-07-15 00:07:30
[WARN] Backup started at 2025-07-15 00:07:40
[ERROR] Server 8 heartbeat OK at 2025-07-15 00:07:50
[INFO] Query executed: SELECT * FROM logs WHERE user='rupert' at 2025-07-15 00:08:00
[WARN] Disk error on /dev/sda8 at 2025-07-15 00:08:10
[INFO] User eve logged in at 2025-07-15 00:08:20
[DEBUG] Server 8 updated configuration at 2025-07-15 00:08:30
[INFO] User rupert imported data.csv at 2025-07-15 00:08:40
[INFO] User mallory imported data.csv at 2025-07-15 00:08:50
[INFO] Server 8 updated configuration at 2025-07-15 00:09:00
[INFO] User sybil imported data.csv at 2025-07-15 00:09:10
[INFO] Server 8 started at 2025-07-15 00:09:20
[INFO] Backup started at 2025-07-15 00:09:30
[WARN] User rupert imported data.csv at 2025-07-15 00:09:40
[WARN] High CPU usage detected at 2025-07-15 00:09:50
[DEBUG] Disk error on /dev/sda8 at 2025-07-15 00:10:00
[DEBUG] User judy uploaded file report.pdf at 2025-07-15 00:10:10
[DEBUG] User walter failed login attempt at 2025-07-15 00:10:20
[ERROR] Server 8 heartbeat OK at 2025-07-15 00:10:30
[ERROR] Backup started at 2025-07-15 00:10:40
[ERROR] Server 8 restarted at 2025-07-15 00:10:50
[INFO] Server 8 started at 2025-07-15 00:11:00
[INFO] User walter uploaded file report.pdf at 2025-07-15 00:11:10
[DEBUG] User judy uploaded file report.pdf at 2025-07-15 00:11:20
[ERROR] User judy failed login attempt at 2025-07-15 00:11:30
[WARN] User mallory triggered security alert at 2025-07-15 00:11:40
[DEBUG] Query executed: SELECT * FROM logs WHERE user='mallory' at 2025-07-15 00:11:50
[INFO] Server 8 encountered memory leak at 2025-07-15 00:12:00
[DEBUG] User dave failed login attempt at 2025-07-15 00:12:10
[DEBUG] Server 8 encountered memory leak at 2025-07-15 00:12:20
[WARN] High CPU usage detected at 2025-07-15 00:12:30
[INFO] Server 8 updated configuration at 2025-07-15 00:12:40
[INFO] User victor logged out at 2025-07-15 00:12:50
[INFO] User rupert accessed dashboard at 2025-07-15 00:13:00
[ERROR] User grace initiated data export at 2025-07-15 00:13:10
[DEBUG] User alice changed password at 2025-07-15 00:13:20
[DEBUG] User heidi failed login attempt at 2025-07-15 00:13:30
[INFO] Backup started at 2025-07-15 00:13:40
[INFO] Server 8 encountered memory leak at 2025-07-15 00:13:50
[WARN] User grace initiated data export at 2025-07-15 00:14:00
[DEBUG] Server 8 started at 2025-07-15 00:14:10
[DEBUG] User trent accessed dashboard at 2025-07-15 00:14:20
[INFO] User mallory imported data.csv at 2025-07-15 00:14:30
[WARN] User niaj logged out at 2025-07-15 00:14:40
[WARN] User ivan uploaded file report.pdf at 2025-07-15 00:14:50
[DEBUG] Query executed: SELECT * FROM logs WHERE user='eve' at 2025-07-15 00:15:00
[INFO] Server 8 completed log rotation at 2025-07-15 00:15:10
[DEBUG] Server 8 restarted at 2025-07-15 00:15:20
[DEBUG] High CPU usage detected at 2025-07-15 00:15:30
[ERROR] Server 8 restarted at 2025-07-15 00:15:40
[DEBUG] Server 8 shutdown at 2025-07-15 00:15:50
[ERROR] Server 8 completed log rotation at 2025-07-15 00:16:00
[INFO] Backup started at 2025-07-15 00:16:10
[WARN] Query executed: SELECT * FROM logs WHERE user='oscar' at 2025-07-15 00:16:20
[ERROR] Server 8 encountered memory leak at 2025-07-15 00:16:30
[ERROR] High CPU usage detected at 2025-07-15 00:16:40
[ERROR] High CPU usage detected at 2025-07-15 00:16:50
[DEBUG] User bob changed password at 2025-07-15 00:17:00
[WARN] Backup started at 2025-07-15 00:17:10
[INFO] Query executed: SELECT * FROM logs WHERE user='judy' at 2025-07-15 00:17:20
[DEBUG] Server 8 updated configuration at 2025-07-15 00:17:30
[INFO] User frank changed password at 2025-07-15 00:17:40
[DEBUG] Server 8 restarted at 2025-07-15 00:17:50
[DEBUG] User rupert updated profile at 2025-07-15 00:18:00
[INFO] Server 8 completed log rotation at 2025-07-15 00:18:10
[DEBUG] User judy imported data.csv at 2025-07-15 00:18:20
[WARN] Server 8 encountered memory leak at 2025-07-15 00:18:30
[ERROR] User heidi updated profile at 2025-07-15 00:18:40
[ERROR] Server 8 started at 2025-07-15 00:18:50
[WARN] Backup started at 2025-07-15 00:19:00
[INFO] Backup completed at 2025-07-15 00:19:10
[INFO] Backup completed at 2025-07-15 00:19:20
[INFO] User alice deleted file temp.tmp at 2025-07-15 00:19:30
[INFO] User yvonne updated profile at 2025-07-15 00:19:40
[ERROR] User alice performed system health check at 2025-07-15 00:19:50
[WARN] User mallory changed password at 2025-07-15 00:20:00
[INFO] Backup completed at 2025-07-15 00:20:10
[ERROR] User niaj deleted file temp.tmp at 2025-07-15 00:20:20
[INFO] Backup completed at 2025-07-15 00:20:30
[DEBUG] User trent changed password at 2025-07-15 00:20:40
[INFO] Backup started at 2025-07-15 00:20:50
[WARN] Query executed: SELECT * FROM logs WHERE user='niaj' at 2025-07-15 00:21:00
[INFO] User sybil failed login attempt at 2025-07-15 00:21:10
[ERROR] User walter performed system health check at 2025-07-15 00:21:20
[ERROR] Query executed: SELECT * FROM logs WHERE user='walter' at 2025-07-15 00:21:30
[WARN] Backup started at 2025-07-15 00:21:40
[DEBUG] Server 8 encountered memory leak at 2025-07-15 00:21:50
[INFO] User bob uploaded file report.pdf at 2025-07-15 00:22:00
[ERROR] User alice triggered security alert at 2025-07-15 00:22:10
[WARN] User frank logged out at 2025-07-15 00:22:20
[DEBUG] High CPU usage detected at 2025-07-15 00:22:30
[INFO] User walter uploaded file report.pdf at 2025-07-15 00:22:40
[ERROR] User niaj imported data.csv at 2025-07-15 00:22:50
[DEBUG] Server 8 restarted at 2025-07-15 00:23:00
[DEBUG] User oscar updated profile at 2025-07-15 00:23:10
[ERROR] Backup completed at 2025-07-15 00:23:20
[INFO] High CPU usage detected at 2025-07-15 00:23:30
[ERROR] Server 8 received request from 10.0.0.74 at 2025-07-15 00:23:40
[INFO] User sybil updated profile at 2025-07-15 00:23:50
[DEBUG] Server 8 shutdown at 2025-07-15 00:24:00
[INFO] User eve logged in at 2025-07-15 00:24:10
[DEBUG] Server 8 started at 2025-07-15 00:24:20
[DEBUG] High CPU usage detected at 2025-07-15 00:24:30
[WARN] Query executed: SELECT * FROM logs WHERE user='judy' at 2025-07-15 00:24:40
[ERROR] User walter logged in at 2025-07-15 00:24:50
[DEBUG] Disk error on /dev/sda8 at 2025-07-15 00:25:00
[INFO] User alice initiated data export at 2025-07-15 00:25:10
[INFO] Server 8 encountered memory leak at 2025-07-15 00:25:20
[ERROR] Server 8 shutdown at 2025-07-15 00:25:30
[WARN] User ivan triggered security alert at 2025-07-15 00:25:40
[DEBUG] Server 8 restarted at 2025-07-15 00:25:50
[WARN] User peggy updated profile at 2025-07-15 00:26:00
[INFO] Backup started at 2025-07-15 00:26:10
[DEBUG] Server 8 encountered memory leak at 2025-07-15 00:26:20
[DEBUG] Backup started at 2025-07-15 00:26:30
[DEBUG] User rupert imported data.csv at 2025-07-15 00:26:40
[WARN] User alice logged in at 2025-07-15 00:26:50
[DEBUG] User victor failed login attempt at 2025-07-15 00:27:00
[DEBUG] Server 8 started at 2025-07-15 00:27:10
[WARN] Server 8 heartbeat OK at 2025-07-15 00:27:20
[ERROR] User peggy failed login attempt at 2025-07-15 00:27:30
[INFO] User heidi changed password at 2025-07-15 00:27:40
[WARN] Server 8 restarted at 2025-07-15 00:27:50
[WARN] User walter deleted file temp.tmp at 2025-07-15 00:28:00
[WARN] User oscar triggered security alert at 2025-07-15 00:28:10
[INFO] Server 8 restarted at 2025-07-15 00:28:20
[INFO] User mallory initiated data export at 2025-07-15 00:28:30
[DEBUG] Query executed: SELECT * FROM logs WHERE user='niaj' at 2025-07-15 00:28:40
[DEBUG] Server 8 updated configuration at 2025-07-15 00:28:50
[INFO] Server 8 completed log rotation at 2025-07-15 00:29:00
[DEBUG] Server 8 shutdown at 2025-07-15 00:29:10
[DEBUG] User eve uploaded file report.pdf at 2025-07-15 00:29:20
[WARN] User rupert uploaded file report.pdf at 2025-07-15 00:29:30
[DEBUG] High CPU usage detected at 2025-07-15 00:29:40
[INFO] Server 8 encountered memory leak at 2025-07-15 00:29:50
[ERROR] User frank deleted file temp.tmp at 2025-07-15 00:30:00
[DEBUG] Disk error on /dev/sda8 at 2025-07-15 00:30:10
[WARN] User alice changed password at 2025-07-15 00:30:20
[WARN] Server 8 encountered memory leak at 2025-07-15 00:30:30
[DEBUG] User bob logged in at 2025-07-15 00:30:40
[INFO] Backup started at 2025-07-15 00:30:50
[ERROR] Server 8 started at 2025-07-15 00:31:00
[ERROR] User grace performed system health check at 2025-07-15 00:31:10
[INFO] User walter uploaded file report.pdf at 2025-07-15 00:31:20
[DEBUG] Server 8 heartbeat OK at 2025-07-15 00:31:30
[ERROR] User dave initiated data export at 2025-07-15 00:31:40
[INFO] User yvonne logged out at 2025-07-15 00:31:50
[DEBUG] User rupert deleted file temp.tmp at 2025-07-15 00:32:00
[WARN] Server 8 heartbeat OK at 2025-07-15 00:32:10
[ERROR] User walter failed login attempt at 2025-07-15 00:32:20
[WARN] User frank imported data.csv at 2025-07-15 00:32:30
[DEBUG] User alice triggered security alert at 2025-07-15 00:32:40
[ERROR] User grace accessed dashboard at 2025-07-15 00:32:50
[ERROR] Backup completed at 2025-07-15 00:33:00
[ERROR] Server 8 started at 2025-07-15 00:33:10
[WARN] Server 8 started at 2025-07-15 00:33:20
[INFO] User carol imported data.csv at 2025-07-15 00:33:30
[ERROR] User carol uploaded file report.pdf at 2025-07-15 00:33:40
[WARN] User frank logged out at 2025-07-15 00:33:50
[ERROR] User alice performed system health check at 2025-07-15 00:34:00
[WARN] Backup started at 2025-07-15 00:34:10
[ERROR] Server 8 restarted at 2025-07-15 00:34:20
[ERROR] User bob updated profile at 2025-07-15 00:34:30
[INFO] User yvonne imported data.csv at 2025-07-15 00:34:40
[DEBUG] User yvonne failed login attempt at 2025-07-15 00:34:50
[WARN] User judy uploaded file report.pdf at 2025-07-15 00:35:00
[WARN] Server 8 encountered memory leak at 2025-07-15 00:35:10
[INFO] Query executed: SELECT * FROM logs WHERE user='oscar' at 2025-07-15 00:35:20
[INFO] Backup started at 2025-07-15 00:35:30
[WARN] Server 8 received request from 10.0.0.225 at 2025-07-15 00:35:40
[INFO] Backup started at 2025-07-15 00:35:50
[DEBUG] User rupert initiated data export at 2025-07-15 00:36:00
[DEBUG] User ivan imported data.csv at 2025-07-15 00:36:10
[INFO] User sybil failed login attempt at 2025-07-15 00:36:20
[DEBUG] User ivan uploaded file report.pdf at 2025-07-15 00:36:30
[ERROR] User eve performed system health check at 2025-07-15 00:36:40
[INFO] User alice logged out at 2025-07-15 00:36:50
[DEBUG] Server 8 restarted at 2025-07-15 00:37:00
[INFO] User frank imported data.csv at 2025-07-15 00:37:10
[WARN] User judy imported data.csv at 2025-07-15 00:37:20
[INFO] User peggy failed login attempt at 2025-07-15 00:37:30
[INFO] User frank updated profile at 2025-07-15 00:37:40
[WARN] Server 8 restarted at 2025-07-15 00:37:50
[WARN] User dave triggered security alert at 2025-07-15 00:38:00
[DEBUG] User bob logged in at 2025-07-15 00:38:10
[INFO] User grace uploaded file report.pdf at 2025-07-15 00:38:20
[INFO] User trent accessed dashboard at 2025-07-15 00:38:30
[WARN] Disk error on /dev/sda8 at 2025-07-15 00:38:40
[WARN] User alice changed password at 2025-07-15 00:38:50
[DEBUG] Server 8 received request from 10.0.0.5 at 2025-07-15 00:39:00
[WARN] User yvonne logged in at 2025-07-15 00:39:10
[WARN] Server 8 updated configuration at 2025-07-15 00:39:20
[WARN] Query executed: SELECT * FROM logs WHERE user='frank' at 2025-07-15 00:39:30
[INFO] User rupert triggered security alert at 2025-07-15 00:39:40
[DEBUG] User yvonne updated profile at 2025-07-15 00:39:50
[DEBUG] User yvonne logged in at 2025-07-15 00:40:00
[DEBUG] User eve changed password at 2025-07-15 00:40:10
[INFO] User carol accessed dashboard at 2025-07-15 00:40:20
[DEBUG] Backup started at 2025-07-15 00:40:30
[ERROR] Server 8 restarted at 2025-07-15 00:40:40
[ERROR] Server 8 encountered memory leak at 2025-07-15 00:40:50
[DEBUG] User bob logged in at 2025-07-15 00:41:00
[INFO] User walter logged in at 2025-07-15 00:41:10
[ERROR] User grace logged out at 2025-07-15 00:41:20
[INFO] Query executed: SELECT * FROM logs WHERE user='eve' at 2025-07-15 00:41:30
[ERROR] Server 8 restarted at 2025-07-15 00:41:40
[ERROR] User ivan logged out at 2025-07-15 00:41:50
[DEBUG] User oscar changed password at 2025-07-15 00:42:00
[ERROR] User grace changed password at 2025-07-15 00:42:10
[DEBUG] Disk error on /dev/sda8 at 2025-07-15 00:42:20
[ERROR] Server 8 updated configuration at 2025-07-15 00:42:30
[ERROR] Server 8 shutdown at 2025-07-15 00:42:40
[INFO] High CPU usage detected at 2025-07-15 00:42:50
[WARN] User trent accessed dashboard at 2025-07-15 00:43:00
[ERROR] User judy changed password at 2025-07-15 00:43:10
[ERROR] User judy changed password at 2025-07-15 00:43:20
[ERROR] Backup started at 2025-07-15 00:43:30
[ERROR] User rupert accessed dashboard at 2025-07-15 00:43:40
[INFO] Server 8 restarted at 2025-07-15 00:43:50
[DEBUG] User bob logged out at 2025-07-15 00:44:00
[INFO] Server 8 restarted at 2025-07-15 00:44:10
[DEBUG] User peggy updated profile at 2025-07-15 00:44:20
[DEBUG] User niaj logged in at 2025-07-15 00:44:30
[WARN] Server 8 updated configuration at 2025-07-15 00:44:40
[ERROR] User trent triggered security alert at 2025-07-15 00:44:50
[DEBUG] User eve performed system health check at 2025-07-15 00:45:00
[DEBUG] Server 8 updated configuration at 2025-07-15 00:45:10
[DEBUG] User rupert accessed dashboard at 2025-07-15 00:45:20
[ERROR] Backup completed at 2025-07-15 00:45:30
[ERROR] Disk error on /dev/sda8 at 2025-07-15 00:45:40
[ERROR] Server 8 heartbeat OK at 2025-07-15 00:45:50
[INFO] User peggy imported data.csv at 2025-07-15 00:46:00
[DEBUG] User walter logged out at 2025-07-15 00:46:10
[WARN] Server 8 shutdown at 2025-07-15 00:46:20
[ERROR] Server 8 received request from 10.0.0.127 at 2025-07-15 00:46:30
[WARN] Disk error on /dev/sda8 at 2025-07-15 00:46:40
[ERROR] Server 8 received request from 10.0.0.11 at 2025-07-15 00:46:50
[WARN] Backup started at 2025-07-15 00:47:00
[INFO] User carol triggered security alert at 2025-07-15 00:47:10
[INFO] User niaj deleted file temp.tmp at 2025-07-15 00:47:20
[WARN] User dave logged in at 2025-07-15 00:47:30
[ERROR] Server 8 restarted at 2025-07-15 00:47:40
[INFO] High CPU usage detected at 2025-07-15 00:47:50
[ERROR] User ivan imported data.csv at 2025-07-15 00:48:00
[INFO] Server 8 received request from 10.0.0.33 at 2025-07-15 00:48:10
[DEBUG] User sybil performed system health check at 2025-07-15 00:48:20
[WARN] User rupert initiated data export at 2025-07-15 00:48:30
[DEBUG] Server 8 restarted at 2025-07-15 00:48:40
[ERROR] User ivan logged in at 2025-07-15 00:48:50
[ERROR] User yvonne updated profile at 2025-07-15 00:49:00
[DEBUG] User judy failed login attempt at 2025-07-15 00:49:10
[INFO] User trent initiated data export at 2025-07-15 00:49:20
[DEBUG] User bob logged in at 2025-07-15 00:49:30
[DEBUG] Disk error on /dev/sda8 at 2025-07-15 00:49:40
[ERROR] Server 8 shutdown at 2025-07-15 00:49:50
[WARN] User sybil initiated data export at 2025-07-15 00:50:00
[ERROR] Query executed: SELECT * FROM logs WHERE user='heidi' at 2025-07-15 00:50:10
[INFO] User judy accessed dashboard at 2025-07-15 00:50:20
[WARN] Server 8 shutdown at 2025-07-15 00:50:30
[DEBUG] User carol performed system health check at 2025-07-15 00:50:40
[DEBUG] User mallory uploaded file report.pdf at 2025-07-15 00:50:50
[DEBUG] Backup completed at 2025-07-15 00:51:00
[INFO] Server 8 completed log rotation at 2025-07-15 00:51:10
[ERROR] Query executed: SELECT * FROM logs WHERE user='grace' at 2025-07-15 00:51:20
[DEBUG] User ivan imported data.csv at 2025-07-15 00:51:30
[DEBUG] Disk error on /dev/sda8 at 2025-07-15 00:51:40
[WARN] User victor deleted file temp.tmp at 2025-07-15 00:51:50
[WARN] Server 8 completed log rotation at 2025-07-15 00:52:00
[INFO] Server 8 started at 2025-07-15 00:52:10
[INFO] User yvonne imported data.csv at 2025-07-15 00:52:20
[ERROR] Server 8 heartbeat OK at 2025-07-15 00:52:30
[INFO] User heidi logged in at 2025-07-15 00:52:40
[ERROR] Server 8 restarted at 2025-07-15 00:52:50
[ERROR] Server 8 updated configuration at 2025-07-15 00:53:00
[WARN] User ivan triggered security alert at 2025-07-15 00:53:10
[DEBUG] Server 8 received request from 10.0.0.139 at 2025-07-15 00:53:20
[INFO] Backup completed at 2025-07-15 00:53:30
[ERROR] Server 8 restarted at 2025-07-15 00:53:40
[WARN] Server 8 received request from 10.0.0.223 at 2025-07-15 00:53:50
[WARN] Server 8 started at 2025-07-15 00:54:00
[WARN] User zach uploaded file report.pdf at 2025-07-15 00:54:10
[INFO] User oscar triggered security alert at 2025-07-15 00:54:20
[ERROR] Server 8 updated configuration at 2025-07-15 00:54:30
[DEBUG] High CPU usage detected at 2025-07-15 00:54:40
[ERROR] Server 8 completed log rotation at 2025-07-15 00:54:50
[ERROR] User zach accessed dashboard at 2025-07-15 00:55:00
[ERROR] Server 8 received request from 10.0.0.28 at 2025-07-15 00:55:10
[DEBUG] User zach initiated data export at 2025-07-15 00:55:20
[INFO] Server 8 shutdown at 2025-07-15 00:55:30
[WARN] User niaj imported data.csv at 2025-07-15 00:55:40
[WARN] User carol triggered security alert at 2025-07-15 00:55:50
[DEBUG] Server 8 started at 2025-07-15 00:56:00
[INFO] Server 8 received request from 10.0.0.50 at 2025-07-15 00:56:10
[ERROR] User yvonne triggered security alert at 2025-07-15 00:56:20
[ERROR] User eve changed password at 2025-07-15 00:56:30
[WARN] Query executed: SELECT * FROM logs WHERE user='ivan' at 2025-07-15 00:56:40
[WARN] User trent performed system health check at 2025-07-15 00:56:50
[ERROR] User heidi triggered security alert at 2025-07-15 00:57:00
[INFO] Server 8 received request from 10.0.0.152 at 2025-07-15 00:57:10
[WARN] User rupert uploaded file report.pdf at 2025-07-15 00:57:20
[ERROR] Backup completed at 2025-07-15 00:57:30
[WARN] Server 8 completed log rotation at 2025-07-15 00:57:40
[ERROR] High CPU usage detected at 2025-07-15 00:57:50
[WARN] User rupert failed login attempt at 2025-07-15 00:58:00
[INFO] Server 8 heartbeat OK at 2025-07-15 00:58:10
[DEBUG] Server 8 heartbeat OK at 2025-07-15 00:58:20
[DEBUG] Server 8 encountered memory leak at 2025-07-15 00:58:30
[INFO] Backup started at 2025-07-15 00:58:40
[INFO] User zach deleted file temp.tmp at 2025-07-15 00:58:50
[ERROR] High CPU usage detected at 2025-07-15 00:59:00
[ERROR] User grace initiated data export at 2025-07-15 00:59:10
[DEBUG] Backup completed at 2025-07-15 00:59:20
[INFO] Server 8 started at 2025-07-15 00:59:30
[ERROR] User eve triggered security alert at 2025-07-15 00:59:40
[ERROR] User alice initiated data export at 2025-07-15 00:59:50
[ERROR] User sybil uploaded file report.pdf at 2025-07-15 01:00:00
[ERROR] Server 8 encountered memory leak at 2025-07-15 01:00:10
[WARN] User walter changed password at 2025-07-15 01:00:20
[DEBUG] Server 8 completed log rotation at 2025-07-15 01:00:30
[INFO] User grace logged out at 2025-07-15 01:00:40
[ERROR] User eve logged in at 2025-07-15 01:00:50
[INFO] Backup started at 2025-07-15 01:01:00
[INFO] User judy updated profile at 2025-07-15 01:01:10
[DEBUG] User rupert updated profile at 2025-07-15 01:01:20
[DEBUG] User dave logged out at 2025-07-15 01:01:30
[INFO] Server 8 received request from 10.0.0.48 at 2025-07-15 01:01:40
[ERROR] Server 8 restarted at 2025-07-15 01:01:50
[INFO] Backup completed at 2025-07-15 01:02:00
[INFO] User walter triggered security alert at 2025-07-15 01:02:10
[INFO] User trent uploaded file report.pdf at 2025-07-15 01:02:20
[DEBUG] Backup started at 2025-07-15 01:02:30
[INFO] User heidi triggered security alert at 2025-07-15 01:02:40
[DEBUG] User dave changed password at 2025-07-15 01:02:50
[WARN] User walter imported data.csv at 2025-07-15 01:03:00
[INFO] Server 8 shutdown at 2025-07-15 01:03:10
[DEBUG] Backup started at 2025-07-15 01:03:20
[WARN] Server 8 heartbeat OK at 2025-07-15 01:03:30
[INFO] Server 8 encountered memory leak at 2025-07-15 01:03:40
[ERROR] Server 8 encountered memory leak at 2025-07-15 01:03:50
[ERROR] High CPU usage detected at 2025-07-15 01:04:00
[WARN] Query executed: SELECT * FROM logs WHERE user='victor' at 2025-07-15 01:04:10
[DEBUG] User victor initiated data export at 2025-07-15 01:04:20
[DEBUG] Backup started at 2025-07-15 01:04:30
[INFO] Backup completed at 2025-07-15 01:04:40
[INFO] User ivan failed login attempt at 2025-07-15 01:04:50
[DEBUG] User carol performed system health check at 2025-07-15 01:05:00
[WARN] High CPU usage detected at 2025-07-15 01:05:10
[DEBUG] Server 8 started at 2025-07-15 01:05:20
[ERROR] User heidi imported data.csv at 2025-07-15 01:05:30
[WARN] Server 8 encountered memory leak at 2025-07-15 01:05:40
[ERROR] Backup started at 2025-07-15 01:05:50
[INFO] Server 8 started at 2025-07-15 01:06:00
[INFO] Query executed: SELECT * FROM logs WHERE user='trent' at 2025-07-15 01:06:10
[INFO] Server 8 completed log rotation at 2025-07-15 01:06:20
[INFO] Disk error on /dev/sda8 at 2025-07-15 01:06:30
[DEBUG] User alice logged in at 2025-07-15 01:06:40
[ERROR] User sybil failed login attempt at 2025-07-15 01:06:50
[ERROR] User niaj accessed dashboard at 2025-07-15 01:07:00
[INFO] Server 8 heartbeat OK at 2025-07-15 01:07:10
[WARN] User ivan accessed dashboard at 2025-07-15 01:07:20
[WARN] High CPU usage detected at 2025-07-15 01:07:30
[WARN] Server 8 completed log rotation at 2025-07-15 01:07:40
[DEBUG] Server 8 received request from 10.0.0.214 at 2025-07-15 01:07:50
[DEBUG] User judy updated profile at 2025-07-15 01:08:00
[WARN] User grace imported data.csv at 2025-07-15 01:08:10
[WARN] Server 8 started at 2025-07-15 01:08:20
[WARN] User walter failed login attempt at 2025-07-15 01:08:30
[WARN] Backup started at 2025-07-15 01:08:40
[DEBUG] User trent uploaded file report.pdf at 2025-07-15 01:08:50
[ERROR] Server 8 shutdown at 2025-07-15 01:09:00
[INFO] User judy triggered security alert at 2025-07-15 01:09:10
[WARN] User zach imported data.csv at 2025-07-15 01:09:20
[INFO] Backup started at 2025-07-15 01:09:30
[WARN] User niaj accessed dashboard at 2025-07-15 01:09:40
[ERROR] Backup completed at 2025-07-15 01:09:50
[WARN] User peggy updated profile at 2025-07-15 01:10:00
[WARN] User alice performed system health check at 2025-07-15 01:10:10
[INFO] High CPU usage detected at 2025-07-15 01:10:20
[WARN] Backup started at 2025-07-15 01:10:30
[WARN] User yvonne uploaded file report.pdf at 2025-07-15 01:10:40
[INFO] User heidi logged in at 2025-07-15 01:10:50
[DEBUG] User eve deleted file temp.tmp at 2025-07-15 01:11:00
[DEBUG] User rupert logged in at 2025-07-15 01:11:10
[DEBUG] User zach triggered security alert at 2025-07-15 01:11:20
[ERROR] Server 8 received request from 10.0.0.251 at 2025-07-15 01:11:30
[WARN] Server 8 received request from 10.0.0.37 at 2025-07-15 01:11:40
[WARN] Backup completed at 2025-07-15 01:11:50
[ERROR] User niaj uploaded file report.pdf at 2025-07-15 01:12:00
[WARN] User peggy logged out at 2025-07-15 01:12:10
[DEBUG] Backup completed at 2025-07-15 01:12:20
[ERROR] User alice logged out at 2025-07-15 01:12:30
[ERROR] Backup started at 2025-07-15 01:12:40
[WARN] User grace failed login attempt at 2025-07-15 01:12:50
[WARN] User rupert failed login attempt at 2025-07-15 01:13:00
[DEBUG] User alice deleted file temp.tmp at 2025-07-15 01:13:10
[WARN] Server 8 completed log rotation at 2025-07-15 01:13:20
[DEBUG] User alice failed login attempt at 2025-07-15 01:13:30
[INFO] User yvonne logged out at 2025-07-15 01:13:40
[ERROR] User peggy logged out at 2025-07-15 01:13:50
[ERROR] Server 8 updated configuration at 2025-07-15 01:14:00
[DEBUG] User heidi failed login attempt at 2025-07-15 01:14:10
[DEBUG] User victor uploaded file report.pdf at 2025-07-15 01:14:20
[ERROR] Server 8 started at 2025-07-15 01:14:30
[WARN] User victor imported data.csv at 2025-07-15 01:14:40
[DEBUG] User yvonne deleted file temp.tmp at 2025-07-15 01:14:50
[INFO] User oscar logged out at 2025-07-15 01:15:00
[INFO] User eve initiated data export at 2025-07-15 01:15:10
[DEBUG] User dave triggered security alert at 2025-07-15 01:15:20
[WARN] Server 8 restarted at 2025-07-15 01:15:30
[DEBUG] Server 8 encountered memory leak at 2025-07-15 01:15:40
[ERROR] Backup completed at 2025-07-15 01:15:50
[INFO] Backup completed at 2025-07-15 01:16:00
[ERROR] User alice accessed dashboard at 2025-07-15 01:16:10
[INFO] User zach updated profile at 2025-07-15 01:16:20
[DEBUG] User ivan changed password at 2025-07-15 01:16:30
[ERROR] User peggy logged in at 2025-07-15 01:16:40
[WARN] User judy uploaded file report.pdf at 2025-07-15 01:16:50
[WARN] User eve imported data.csv at 2025-07-15 01:17:00
[DEBUG] Backup completed at 2025-07-15 01:17:10
[ERROR] User carol deleted file temp.tmp at 2025-07-15 01:17:20
[WARN] User ivan uploaded file report.pdf at 2025-07-15 01:17:30
[DEBUG] User trent performed system health check at 2025-07-15 01:17:40
[INFO] User ivan logged out at 2025-07-15 01:17:50
[ERROR] Backup started at 2025-07-15 01:18:00
[ERROR] High CPU usage detected at 2025-07-15 01:18:10
[ERROR] User yvonne performed system health check at 2025-07-15 01:18:20
[ERROR] Server 8 completed log rotation at 2025-07-15 01:18:30
[INFO] Backup completed at 2025-07-15 01:18:40
[ERROR] User trent accessed dashboard at 2025-07-15 01:18:50
[DEBUG] Server 8 encountered memory leak at 2025-07-15 01:19:00
[DEBUG] User oscar imported data.csv at 2025-07-15 01:19:10
[ERROR] Server 8 heartbeat OK at 2025-07-15 01:19:20
[INFO] Server 8 restarted at 2025-07-15 01:19:30
[INFO] User mallory performed system health check at 2025-07-15 01:19:40
[DEBUG] High CPU usage detected at 2025-07-15 01:19:50
[DEBUG] Query executed: SELECT * FROM logs WHERE user='rupert' at 2025-07-15 01:20:00
[ERROR] Backup started at 2025-07-15 01:20:10
[DEBUG] User bob logged in at 2025-07-15 01:20:20
[ERROR] Query executed: SELECT * FROM logs WHERE user='carol' at 2025-07-15 01:20:30
[ERROR] User oscar imported data.csv at 2025-07-15 01:20:40
[WARN] Query executed: SELECT * FROM logs WHERE user='peggy' at 2025-07-15 01:20:50
[DEBUG] Server 8 encountered memory leak at 2025-07-15 01:21:00
[INFO] Server 8 completed log rotation at 2025-07-15 01:21:10
[DEBUG] Query executed: SELECT * FROM logs WHERE user='bob' at 2025-07-15 01:21:20
[INFO] Backup completed at 2025-07-15 01:21:30
[INFO] User grace uploaded file report.pdf at 2025-07-15 01:21:40
[DEBUG] User trent failed login attempt at 2025-07-15 01:21:50
[WARN] User alice logged out at 2025-07-15 01:22:00
[ERROR] User niaj accessed dashboard at 2025-07-15 01:22:10
[INFO] User heidi triggered security alert at 2025-07-15 01:22:20
[ERROR] User victor failed login attempt at 2025-07-15 01:22:30
[INFO] User victor deleted file temp.tmp at 2025-07-15 01:22:40
[INFO] Server 8 completed log rotation at 2025-07-15 01:22:50
[INFO] User mallory logged out at 2025-07-15 01:23:00
[DEBUG] Backup completed at 2025-07-15 01:23:10
