[INFO] Server 4 shutdown at 2025-07-15 00:00:00
[WARN] Backup started at 2025-07-15 00:00:10
[WARN] User frank initiated data export at 2025-07-15 00:00:20
[DEBUG] User walter logged in at 2025-07-15 00:00:30
[WARN] Query executed: SELECT * FROM logs WHERE user='zach' at 2025-07-15 00:00:40
[WARN] User judy deleted file temp.tmp at 2025-07-15 00:00:50
[WARN] User carol logged in at 2025-07-15 00:01:00
[WARN] Backup completed at 2025-07-15 00:01:10
[ERROR] Backup completed at 2025-07-15 00:01:20
[ERROR] User zach triggered security alert at 2025-07-15 00:01:30
[WARN] User alice deleted file temp.tmp at 2025-07-15 00:01:40
[INFO] Server 4 updated configuration at 2025-07-15 00:01:50
[ERROR] User ivan triggered security alert at 2025-07-15 00:02:00
[INFO] User victor failed login attempt at 2025-07-15 00:02:10
[DEBUG] User niaj deleted file temp.tmp at 2025-07-15 00:02:20
[DEBUG] Server 4 heartbeat OK at 2025-07-15 00:02:30
[DEBUG] Server 4 updated configuration at 2025-07-15 00:02:40
[DEBUG] User zach imported data.csv at 2025-07-15 00:02:50
[ERROR] Server 4 started at 2025-07-15 00:03:00
[ERROR] User grace logged out at 2025-07-15 00:03:10
[WARN] Server 4 started at 2025-07-15 00:03:20
[INFO] Server 4 completed log rotation at 2025-07-15 00:03:30
[DEBUG] Server 4 encountered memory leak at 2025-07-15 00:03:40
[ERROR] User grace imported data.csv at 2025-07-15 00:03:50
[INFO] User niaj performed system health check at 2025-07-15 00:04:00
[WARN] Server 4 restarted at 2025-07-15 00:04:10
[ERROR] Server 4 completed log rotation at 2025-07-15 00:04:20
[WARN] High CPU usage detected at 2025-07-15 00:04:30
[INFO] Backup completed at 2025-07-15 00:04:40
[ERROR] User frank changed password at 2025-07-15 00:04:50
[ERROR] User eve performed system health check at 2025-07-15 00:05:00
[DEBUG] User victor performed system health check at 2025-07-15 00:05:10
[INFO] Backup completed at 2025-07-15 00:05:20
[ERROR] Server 4 restarted at 2025-07-15 00:05:30
[ERROR] Server 4 updated configuration at 2025-07-15 00:05:40
[INFO] Server 4 completed log rotation at 2025-07-15 00:05:50
[INFO] User judy triggered security alert at 2025-07-15 00:06:00
[ERROR] High CPU usage detected at 2025-07-15 00:06:10
[WARN] Backup completed at 2025-07-15 00:06:20
[INFO] Server 4 updated configuration at 2025-07-15 00:06:30
[INFO] Server 4 completed log rotation at 2025-07-15 00:06:40
[WARN] Server 4 updated configuration at 2025-07-15 00:06:50
[ERROR] User dave accessed dashboard at 2025-07-15 00:07:00
[INFO] Server 4 restarted at 2025-07-15 00:07:10
[DEBUG] Disk error on /dev/sda4 at 2025-07-15 00:07:20
[DEBUG] User judy initiated data export at 2025-07-15 00:07:30
[ERROR] Query executed: SELECT * FROM logs WHERE user='judy' at 2025-07-15 00:07:40
[ERROR] User eve deleted file temp.tmp at 2025-07-15 00:07:50
[INFO] User carol logged out at 2025-07-15 00:08:00
[ERROR] High CPU usage detected at 2025-07-15 00:08:10
[DEBUG] Backup started at 2025-07-15 00:08:20
[DEBUG] User heidi failed login attempt at 2025-07-15 00:08:30
[ERROR] User trent triggered security alert at 2025-07-15 00:08:40
[ERROR] Server 4 heartbeat OK at 2025-07-15 00:08:50
[WARN] User sybil imported data.csv at 2025-07-15 00:09:00
[ERROR] Server 4 shutdown at 2025-07-15 00:09:10
[DEBUG] User trent failed login attempt at 2025-07-15 00:09:20
[ERROR] Disk error on /dev/sda4 at 2025-07-15 00:09:30
[WARN] User peggy changed password at 2025-07-15 00:09:40
[ERROR] User peggy triggered security alert at 2025-07-15 00:09:50
[INFO] Server 4 received request from 10.0.0.126 at 2025-07-15 00:10:00
[WARN] Server 4 completed log rotation at 2025-07-15 00:10:10
[WARN] User ivan logged in at 2025-07-15 00:10:20
[DEBUG] User niaj accessed dashboard at 2025-07-15 00:10:30
[ERROR] User oscar deleted file temp.tmp at 2025-07-15 00:10:40
[ERROR] User eve imported data.csv at 2025-07-15 00:10:50
[INFO] Server 4 shutdown at 2025-07-15 00:11:00
[INFO] Backup started at 2025-07-15 00:11:10
[DEBUG] User niaj imported data.csv at 2025-07-15 00:11:20
[WARN] User rupert failed login attempt at 2025-07-15 00:11:30
[WARN] User walter accessed dashboard at 2025-07-15 00:11:40
[ERROR] Server 4 restarted at 2025-07-15 00:11:50
[INFO] User niaj updated profile at 2025-07-15 00:12:00
[WARN] User sybil imported data.csv at 2025-07-15 00:12:10
[WARN] User peggy uploaded file report.pdf at 2025-07-15 00:12:20
[ERROR] User oscar logged in at 2025-07-15 00:12:30
[ERROR] User zach changed password at 2025-07-15 00:12:40
[WARN] High CPU usage detected at 2025-07-15 00:12:50
[WARN] Server 4 received request from 10.0.0.209 at 2025-07-15 00:13:00
[INFO] Server 4 updated configuration at 2025-07-15 00:13:10
[WARN] Query executed: SELECT * FROM logs WHERE user='heidi' at 2025-07-15 00:13:20
[INFO] User oscar triggered security alert at 2025-07-15 00:13:30
[WARN] Disk error on /dev/sda4 at 2025-07-15 00:13:40
[INFO] User yvonne initiated data export at 2025-07-15 00:13:50
[DEBUG] Server 4 received request from 10.0.0.143 at 2025-07-15 00:14:00
[DEBUG] User rupert imported data.csv at 2025-07-15 00:14:10
[INFO] Server 4 received request from 10.0.0.224 at 2025-07-15 00:14:20
[DEBUG] User peggy initiated data export at 2025-07-15 00:14:30
[ERROR] Server 4 heartbeat OK at 2025-07-15 00:14:40
[ERROR] Backup completed at 2025-07-15 00:14:50
[DEBUG] User carol logged in at 2025-07-15 00:15:00
[INFO] Server 4 shutdown at 2025-07-15 00:15:10
[DEBUG] User frank performed system health check at 2025-07-15 00:15:20
[WARN] Server 4 started at 2025-07-15 00:15:30
[DEBUG] User walter initiated data export at 2025-07-15 00:15:40
[DEBUG] User victor performed system health check at 2025-07-15 00:15:50
[INFO] Disk error on /dev/sda4 at 2025-07-15 00:16:00
[DEBUG] Server 4 encountered memory leak at 2025-07-15 00:16:10
[DEBUG] Server 4 encountered memory leak at 2025-07-15 00:16:20
[DEBUG] Server 4 updated configuration at 2025-07-15 00:16:30
[ERROR] Server 4 updated configuration at 2025-07-15 00:16:40
[WARN] User carol deleted file temp.tmp at 2025-07-15 00:16:50
[INFO] User rupert logged out at 2025-07-15 00:17:00
[WARN] User dave performed system health check at 2025-07-15 00:17:10
[ERROR] Backup completed at 2025-07-15 00:17:20
[DEBUG] User walter uploaded file report.pdf at 2025-07-15 00:17:30
[ERROR] User bob updated profile at 2025-07-15 00:17:40
[INFO] Server 4 shutdown at 2025-07-15 00:17:50
[WARN] User eve changed password at 2025-07-15 00:18:00
[DEBUG] User dave deleted file temp.tmp at 2025-07-15 00:18:10
[DEBUG] User carol accessed dashboard at 2025-07-15 00:18:20
[ERROR] User niaj updated profile at 2025-07-15 00:18:30
[ERROR] User judy updated profile at 2025-07-15 00:18:40
[ERROR] Server 4 shutdown at 2025-07-15 00:18:50
[WARN] Server 4 completed log rotation at 2025-07-15 00:19:00
[ERROR] Server 4 heartbeat OK at 2025-07-15 00:19:10
[ERROR] Server 4 updated configuration at 2025-07-15 00:19:20
[WARN] User heidi changed password at 2025-07-15 00:19:30
[ERROR] Server 4 restarted at 2025-07-15 00:19:40
[INFO] Server 4 started at 2025-07-15 00:19:50
[DEBUG] Server 4 started at 2025-07-15 00:20:00
[WARN] User mallory updated profile at 2025-07-15 00:20:10
[DEBUG] High CPU usage detected at 2025-07-15 00:20:20
[ERROR] User eve updated profile at 2025-07-15 00:20:30
[ERROR] Server 4 received request from 10.0.0.145 at 2025-07-15 00:20:40
[DEBUG] Server 4 restarted at 2025-07-15 00:20:50
[DEBUG] User oscar logged out at 2025-07-15 00:21:00
[INFO] User sybil performed system health check at 2025-07-15 00:21:10
[INFO] High CPU usage detected at 2025-07-15 00:21:20
[INFO] User zach accessed dashboard at 2025-07-15 00:21:30
[DEBUG] User peggy triggered security alert at 2025-07-15 00:21:40
[ERROR] Server 4 received request from 10.0.0.111 at 2025-07-15 00:21:50
[WARN] User niaj initiated data export at 2025-07-15 00:22:00
[INFO] Server 4 restarted at 2025-07-15 00:22:10
[WARN] User peggy triggered security alert at 2025-07-15 00:22:20
[DEBUG] User trent triggered security alert at 2025-07-15 00:22:30
[WARN] User sybil changed password at 2025-07-15 00:22:40
[ERROR] High CPU usage detected at 2025-07-15 00:22:50
[ERROR] Server 4 received request from 10.0.0.6 at 2025-07-15 00:23:00
[DEBUG] User peggy logged in at 2025-07-15 00:23:10
[INFO] Backup completed at 2025-07-15 00:23:20
[WARN] High CPU usage detected at 2025-07-15 00:23:30
[WARN] User eve initiated data export at 2025-07-15 00:23:40
[DEBUG] Server 4 shutdown at 2025-07-15 00:23:50
[INFO] User trent accessed dashboard at 2025-07-15 00:24:00
[INFO] Backup started at 2025-07-15 00:24:10
[INFO] Server 4 encountered memory leak at 2025-07-15 00:24:20
[ERROR] Server 4 encountered memory leak at 2025-07-15 00:24:30
[DEBUG] User victor imported data.csv at 2025-07-15 00:24:40
[ERROR] Server 4 updated configuration at 2025-07-15 00:24:50
[ERROR] User mallory changed password at 2025-07-15 00:25:00
[ERROR] Server 4 encountered memory leak at 2025-07-15 00:25:10
[WARN] High CPU usage detected at 2025-07-15 00:25:20
[INFO] User alice logged out at 2025-07-15 00:25:30
[WARN] Server 4 heartbeat OK at 2025-07-15 00:25:40
[ERROR] Server 4 heartbeat OK at 2025-07-15 00:25:50
[ERROR] User rupert uploaded file report.pdf at 2025-07-15 00:26:00
[ERROR] Server 4 encountered memory leak at 2025-07-15 00:26:10
[WARN] Server 4 restarted at 2025-07-15 00:26:20
[DEBUG] User eve updated profile at 2025-07-15 00:26:30
[ERROR] Backup completed at 2025-07-15 00:26:40
[ERROR] User carol performed system health check at 2025-07-15 00:26:50
[WARN] Server 4 encountered memory leak at 2025-07-15 00:27:00
[ERROR] User walter logged in at 2025-07-15 00:27:10
[WARN] Server 4 shutdown at 2025-07-15 00:27:20
[INFO] User yvonne accessed dashboard at 2025-07-15 00:27:30
[ERROR] User victor changed password at 2025-07-15 00:27:40
[INFO] Server 4 received request from 10.0.0.120 at 2025-07-15 00:27:50
[ERROR] User rupert performed system health check at 2025-07-15 00:28:00
[WARN] Backup completed at 2025-07-15 00:28:10
[DEBUG] Server 4 received request from 10.0.0.158 at 2025-07-15 00:28:20
[INFO] Server 4 restarted at 2025-07-15 00:28:30
[ERROR] User victor triggered security alert at 2025-07-15 00:28:40
[DEBUG] User ivan uploaded file report.pdf at 2025-07-15 00:28:50
[WARN] User ivan updated profile at 2025-07-15 00:29:00
[ERROR] Server 4 heartbeat OK at 2025-07-15 00:29:10
[DEBUG] Server 4 shutdown at 2025-07-15 00:29:20
[INFO] Server 4 completed log rotation at 2025-07-15 00:29:30
[ERROR] User carol logged out at 2025-07-15 00:29:40
[ERROR] Server 4 restarted at 2025-07-15 00:29:50
[ERROR] Server 4 started at 2025-07-15 00:30:00
[DEBUG] User trent performed system health check at 2025-07-15 00:30:10
[ERROR] Server 4 encountered memory leak at 2025-07-15 00:30:20
[INFO] Query executed: SELECT * FROM logs WHERE user='oscar' at 2025-07-15 00:30:30
[ERROR] User trent uploaded file report.pdf at 2025-07-15 00:30:40
[WARN] User bob logged in at 2025-07-15 00:30:50
[DEBUG] User niaj imported data.csv at 2025-07-15 00:31:00
[DEBUG] User heidi updated profile at 2025-07-15 00:31:10
[WARN] User dave updated profile at 2025-07-15 00:31:20
[INFO] Server 4 shutdown at 2025-07-15 00:31:30
[ERROR] Server 4 heartbeat OK at 2025-07-15 00:31:40
[DEBUG] Backup completed at 2025-07-15 00:31:50
[ERROR] User zach failed login attempt at 2025-07-15 00:32:00
[DEBUG] User eve uploaded file report.pdf at 2025-07-15 00:32:10
[DEBUG] User niaj imported data.csv at 2025-07-15 00:32:20
[INFO] User rupert initiated data export at 2025-07-15 00:32:30
[ERROR] Backup completed at 2025-07-15 00:32:40
[INFO] User mallory initiated data export at 2025-07-15 00:32:50
[ERROR] User victor failed login attempt at 2025-07-15 00:33:00
[INFO] Server 4 shutdown at 2025-07-15 00:33:10
[DEBUG] Server 4 updated configuration at 2025-07-15 00:33:20
[WARN] Query executed: SELECT * FROM logs WHERE user='frank' at 2025-07-15 00:33:30
[INFO] User niaj accessed dashboard at 2025-07-15 00:33:40
[DEBUG] Server 4 completed log rotation at 2025-07-15 00:33:50
[ERROR] User bob logged out at 2025-07-15 00:34:00
[DEBUG] Server 4 updated configuration at 2025-07-15 00:34:10
[ERROR] Server 4 encountered memory leak at 2025-07-15 00:34:20
[WARN] Backup started at 2025-07-15 00:34:30
[INFO] Server 4 received request from 10.0.0.63 at 2025-07-15 00:34:40
[WARN] User carol initiated data export at 2025-07-15 00:34:50
[ERROR] User oscar uploaded file report.pdf at 2025-07-15 00:35:00
[ERROR] User peggy logged out at 2025-07-15 00:35:10
[INFO] Server 4 completed log rotation at 2025-07-15 00:35:20
[DEBUG] User ivan initiated data export at 2025-07-15 00:35:30
[DEBUG] Server 4 shutdown at 2025-07-15 00:35:40
[INFO] High CPU usage detected at 2025-07-15 00:35:50
[INFO] Server 4 shutdown at 2025-07-15 00:36:00
[WARN] Backup completed at 2025-07-15 00:36:10
[ERROR] Server 4 encountered memory leak at 2025-07-15 00:36:20
[DEBUG] Server 4 restarted at 2025-07-15 00:36:30
[INFO] Server 4 encountered memory leak at 2025-07-15 00:36:40
[INFO] User judy accessed dashboard at 2025-07-15 00:36:50
[ERROR] User oscar uploaded file report.pdf at 2025-07-15 00:37:00
[ERROR] Query executed: SELECT * FROM logs WHERE user='eve' at 2025-07-15 00:37:10
[INFO] Server 4 encountered memory leak at 2025-07-15 00:37:20
[ERROR] Server 4 shutdown at 2025-07-15 00:37:30
[INFO] User walter changed password at 2025-07-15 00:37:40
[WARN] User zach initiated data export at 2025-07-15 00:37:50
[DEBUG] User mallory changed password at 2025-07-15 00:38:00
[WARN] User oscar logged in at 2025-07-15 00:38:10
[INFO] User yvonne updated profile at 2025-07-15 00:38:20
[DEBUG] High CPU usage detected at 2025-07-15 00:38:30
[WARN] User yvonne initiated data export at 2025-07-15 00:38:40
[WARN] User carol deleted file temp.tmp at 2025-07-15 00:38:50
[DEBUG] Backup started at 2025-07-15 00:39:00
[ERROR] User rupert logged out at 2025-07-15 00:39:10
[WARN] User bob deleted file temp.tmp at 2025-07-15 00:39:20
[WARN] High CPU usage detected at 2025-07-15 00:39:30
[ERROR] User judy uploaded file report.pdf at 2025-07-15 00:39:40
[DEBUG] Server 4 heartbeat OK at 2025-07-15 00:39:50
[DEBUG] User rupert accessed dashboard at 2025-07-15 00:40:00
[WARN] User alice failed login attempt at 2025-07-15 00:40:10
[INFO] User rupert updated profile at 2025-07-15 00:40:20
[WARN] User alice logged out at 2025-07-15 00:40:30
[INFO] Server 4 completed log rotation at 2025-07-15 00:40:40
[DEBUG] User eve performed system health check at 2025-07-15 00:40:50
[ERROR] Query executed: SELECT * FROM logs WHERE user='sybil' at 2025-07-15 00:41:00
[ERROR] User zach uploaded file report.pdf at 2025-07-15 00:41:10
[ERROR] User mallory imported data.csv at 2025-07-15 00:41:20
[ERROR] User carol initiated data export at 2025-07-15 00:41:30
[WARN] User bob logged out at 2025-07-15 00:41:40
[ERROR] User judy uploaded file report.pdf at 2025-07-15 00:41:50
[WARN] User judy triggered security alert at 2025-07-15 00:42:00
[INFO] User oscar updated profile at 2025-07-15 00:42:10
[INFO] Server 4 updated configuration at 2025-07-15 00:42:20
[ERROR] User trent accessed dashboard at 2025-07-15 00:42:30
[WARN] Server 4 shutdown at 2025-07-15 00:42:40
[DEBUG] User oscar accessed dashboard at 2025-07-15 00:42:50
[INFO] Query executed: SELECT * FROM logs WHERE user='sybil' at 2025-07-15 00:43:00
[ERROR] User rupert initiated data export at 2025-07-15 00:43:10
[ERROR] Server 4 received request from 10.0.0.143 at 2025-07-15 00:43:20
[ERROR] User judy logged out at 2025-07-15 00:43:30
[DEBUG] Server 4 started at 2025-07-15 00:43:40
[DEBUG] User peggy logged out at 2025-07-15 00:43:50
[WARN] Server 4 encountered memory leak at 2025-07-15 00:44:00
[ERROR] Backup completed at 2025-07-15 00:44:10
[ERROR] Server 4 updated configuration at 2025-07-15 00:44:20
[ERROR] User judy performed system health check at 2025-07-15 00:44:30
[INFO] User oscar deleted file temp.tmp at 2025-07-15 00:44:40
[INFO] User eve logged out at 2025-07-15 00:44:50
[ERROR] Server 4 started at 2025-07-15 00:45:00
[DEBUG] User oscar failed login attempt at 2025-07-15 00:45:10
[INFO] User judy logged out at 2025-07-15 00:45:20
[ERROR] User sybil logged in at 2025-07-15 00:45:30
[DEBUG] Server 4 shutdown at 2025-07-15 00:45:40
[DEBUG] User niaj uploaded file report.pdf at 2025-07-15 00:45:50
[WARN] High CPU usage detected at 2025-07-15 00:46:00
[INFO] Backup completed at 2025-07-15 00:46:10
[ERROR] User carol logged out at 2025-07-15 00:46:20
[WARN] User rupert logged out at 2025-07-15 00:46:30
[WARN] High CPU usage detected at 2025-07-15 00:46:40
[WARN] User ivan failed login attempt at 2025-07-15 00:46:50
[INFO] High CPU usage detected at 2025-07-15 00:47:00
[WARN] Server 4 encountered memory leak at 2025-07-15 00:47:10
[ERROR] User walter uploaded file report.pdf at 2025-07-15 00:47:20
[ERROR] User bob accessed dashboard at 2025-07-15 00:47:30
[DEBUG] User zach changed password at 2025-07-15 00:47:40
[WARN] Disk error on /dev/sda4 at 2025-07-15 00:47:50
[ERROR] User bob deleted file temp.tmp at 2025-07-15 00:48:00
[ERROR] Server 4 encountered memory leak at 2025-07-15 00:48:10
[INFO] User ivan triggered security alert at 2025-07-15 00:48:20
[WARN] Disk error on /dev/sda4 at 2025-07-15 00:48:30
[ERROR] Server 4 shutdown at 2025-07-15 00:48:40
[DEBUG] Backup started at 2025-07-15 00:48:50
[INFO] User walter updated profile at 2025-07-15 00:49:00
[INFO] High CPU usage detected at 2025-07-15 00:49:10
[WARN] Server 4 received request from 10.0.0.58 at 2025-07-15 00:49:20
[DEBUG] User niaj logged in at 2025-07-15 00:49:30
[DEBUG] User eve logged in at 2025-07-15 00:49:40
[DEBUG] User ivan accessed dashboard at 2025-07-15 00:49:50
[DEBUG] Query executed: SELECT * FROM logs WHERE user='heidi' at 2025-07-15 00:50:00
[DEBUG] Server 4 encountered memory leak at 2025-07-15 00:50:10
[WARN] Server 4 encountered memory leak at 2025-07-15 00:50:20
[DEBUG] Server 4 received request from 10.0.0.125 at 2025-07-15 00:50:30
[ERROR] Server 4 updated configuration at 2025-07-15 00:50:40
[DEBUG] Server 4 completed log rotation at 2025-07-15 00:50:50
[DEBUG] Server 4 started at 2025-07-15 00:51:00
[DEBUG] User alice updated profile at 2025-07-15 00:51:10
[INFO] User ivan changed password at 2025-07-15 00:51:20
[INFO] Backup started at 2025-07-15 00:51:30
[WARN] Server 4 received request from 10.0.0.139 at 2025-07-15 00:51:40
[WARN] User heidi logged in at 2025-07-15 00:51:50
[DEBUG] User frank uploaded file report.pdf at 2025-07-15 00:52:00
[ERROR] User niaj logged out at 2025-07-15 00:52:10
[DEBUG] User zach updated profile at 2025-07-15 00:52:20
[ERROR] User frank accessed dashboard at 2025-07-15 00:52:30
[WARN] Server 4 heartbeat OK at 2025-07-15 00:52:40
[WARN] Disk error on /dev/sda4 at 2025-07-15 00:52:50
[ERROR] Disk error on /dev/sda4 at 2025-07-15 00:53:00
[WARN] Query executed: SELECT * FROM logs WHERE user='grace' at 2025-07-15 00:53:10
[INFO] Server 4 started at 2025-07-15 00:53:20
[ERROR] User zach initiated data export at 2025-07-15 00:53:30
[ERROR] User frank accessed dashboard at 2025-07-15 00:53:40
[INFO] User alice performed system health check at 2025-07-15 00:53:50
[INFO] Server 4 updated configuration at 2025-07-15 00:54:00
[WARN] User heidi logged out at 2025-07-15 00:54:10
[ERROR] User zach logged in at 2025-07-15 00:54:20
[INFO] User grace initiated data export at 2025-07-15 00:54:30
[WARN] Backup started at 2025-07-15 00:54:40
[INFO] User peggy triggered security alert at 2025-07-15 00:54:50
[WARN] User heidi deleted file temp.tmp at 2025-07-15 00:55:00
[ERROR] Server 4 received request from 10.0.0.221 at 2025-07-15 00:55:10
[WARN] Server 4 heartbeat OK at 2025-07-15 00:55:20
[INFO] User yvonne logged out at 2025-07-15 00:55:30
[DEBUG] Backup completed at 2025-07-15 00:55:40
[DEBUG] User mallory updated profile at 2025-07-15 00:55:50
[INFO] User oscar failed login attempt at 2025-07-15 00:56:00
[DEBUG] User alice initiated data export at 2025-07-15 00:56:10
[ERROR] User heidi accessed dashboard at 2025-07-15 00:56:20
[INFO] Disk error on /dev/sda4 at 2025-07-15 00:56:30
[DEBUG] Server 4 received request from 10.0.0.172 at 2025-07-15 00:56:40
[INFO] Query executed: SELECT * FROM logs WHERE user='oscar' at 2025-07-15 00:56:50
[DEBUG] User oscar failed login attempt at 2025-07-15 00:57:00
[DEBUG] User niaj accessed dashboard at 2025-07-15 00:57:10
[INFO] Server 4 updated configuration at 2025-07-15 00:57:20
[ERROR] User frank failed login attempt at 2025-07-15 00:57:30
[DEBUG] User rupert updated profile at 2025-07-15 00:57:40
[ERROR] User carol initiated data export at 2025-07-15 00:57:50
[WARN] User mallory performed system health check at 2025-07-15 00:58:00
[WARN] Server 4 shutdown at 2025-07-15 00:58:10
[WARN] Query executed: SELECT * FROM logs WHERE user='carol' at 2025-07-15 00:58:20
[DEBUG] User grace changed password at 2025-07-15 00:58:30
[ERROR] User heidi updated profile at 2025-07-15 00:58:40
[DEBUG] Server 4 heartbeat OK at 2025-07-15 00:58:50
[WARN] User frank initiated data export at 2025-07-15 00:59:00
[INFO] Server 4 received request from 10.0.0.7 at 2025-07-15 00:59:10
[WARN] User grace logged in at 2025-07-15 00:59:20
[WARN] Backup started at 2025-07-15 00:59:30
[WARN] Disk error on /dev/sda4 at 2025-07-15 00:59:40
[DEBUG] User mallory logged in at 2025-07-15 00:59:50
[ERROR] User oscar uploaded file report.pdf at 2025-07-15 01:00:00
[ERROR] Backup completed at 2025-07-15 01:00:10
[INFO] User alice changed password at 2025-07-15 01:00:20
[WARN] User carol initiated data export at 2025-07-15 01:00:30
[INFO] Server 4 completed log rotation at 2025-07-15 01:00:40
[INFO] User alice logged out at 2025-07-15 01:00:50
[INFO] Server 4 received request from 10.0.0.167 at 2025-07-15 01:01:00
[WARN] User alice imported data.csv at 2025-07-15 01:01:10
[INFO] User victor accessed dashboard at 2025-07-15 01:01:20
[INFO] Server 4 updated configuration at 2025-07-15 01:01:30
[DEBUG] User carol deleted file temp.tmp at 2025-07-15 01:01:40
[WARN] User ivan updated profile at 2025-07-15 01:01:50
[INFO] User dave logged in at 2025-07-15 01:02:00
[DEBUG] Query executed: SELECT * FROM logs WHERE user='judy' at 2025-07-15 01:02:10
[ERROR] User alice changed password at 2025-07-15 01:02:20
[INFO] Query executed: SELECT * FROM logs WHERE user='frank' at 2025-07-15 01:02:30
[WARN] High CPU usage detected at 2025-07-15 01:02:40
[INFO] Disk error on /dev/sda4 at 2025-07-15 01:02:50
[ERROR] User dave triggered security alert at 2025-07-15 01:03:00
[WARN] Server 4 shutdown at 2025-07-15 01:03:10
[ERROR] User victor logged in at 2025-07-15 01:03:20
[WARN] Disk error on /dev/sda4 at 2025-07-15 01:03:30
[ERROR] Server 4 started at 2025-07-15 01:03:40
[WARN] Server 4 encountered memory leak at 2025-07-15 01:03:50
[INFO] User mallory triggered security alert at 2025-07-15 01:04:00
[WARN] Backup started at 2025-07-15 01:04:10
[INFO] User carol uploaded file report.pdf at 2025-07-15 01:04:20
[ERROR] User frank logged in at 2025-07-15 01:04:30
[INFO] User victor imported data.csv at 2025-07-15 01:04:40
[INFO] Server 4 completed log rotation at 2025-07-15 01:04:50
[DEBUG] Server 4 encountered memory leak at 2025-07-15 01:05:00
[DEBUG] Server 4 heartbeat OK at 2025-07-15 01:05:10
[DEBUG] User eve failed login attempt at 2025-07-15 01:05:20
[WARN] User sybil triggered security alert at 2025-07-15 01:05:30
[DEBUG] Server 4 completed log rotation at 2025-07-15 01:05:40
[WARN] Server 4 received request from 10.0.0.233 at 2025-07-15 01:05:50
[INFO] Server 4 heartbeat OK at 2025-07-15 01:06:00
[INFO] Backup completed at 2025-07-15 01:06:10
[INFO] Query executed: SELECT * FROM logs WHERE user='judy' at 2025-07-15 01:06:20
[ERROR] Disk error on /dev/sda4 at 2025-07-15 01:06:30
[DEBUG] Server 4 encountered memory leak at 2025-07-15 01:06:40
[WARN] User alice updated profile at 2025-07-15 01:06:50
[INFO] User victor deleted file temp.tmp at 2025-07-15 01:07:00
[WARN] Disk error on /dev/sda4 at 2025-07-15 01:07:10
[ERROR] User heidi imported data.csv at 2025-07-15 01:07:20
[ERROR] User grace updated profile at 2025-07-15 01:07:30
[INFO] Backup started at 2025-07-15 01:07:40
[ERROR] User victor accessed dashboard at 2025-07-15 01:07:50
[DEBUG] User alice initiated data export at 2025-07-15 01:08:00
[ERROR] User yvonne updated profile at 2025-07-15 01:08:10
[ERROR] Server 4 completed log rotation at 2025-07-15 01:08:20
[WARN] User frank initiated data export at 2025-07-15 01:08:30
[WARN] User zach performed system health check at 2025-07-15 01:08:40
[INFO] User victor accessed dashboard at 2025-07-15 01:08:50
[ERROR] Backup completed at 2025-07-15 01:09:00
[ERROR] Backup completed at 2025-07-15 01:09:10
[ERROR] Server 4 started at 2025-07-15 01:09:20
[WARN] User grace changed password at 2025-07-15 01:09:30
[WARN] Server 4 completed log rotation at 2025-07-15 01:09:40
[WARN] User zach failed login attempt at 2025-07-15 01:09:50
[DEBUG] Server 4 restarted at 2025-07-15 01:10:00
[DEBUG] High CPU usage detected at 2025-07-15 01:10:10
[ERROR] High CPU usage detected at 2025-07-15 01:10:20
[ERROR] User sybil failed login attempt at 2025-07-15 01:10:30
[ERROR] High CPU usage detected at 2025-07-15 01:10:40
[DEBUG] Server 4 restarted at 2025-07-15 01:10:50
[ERROR] User yvonne performed system health check at 2025-07-15 01:11:00
[ERROR] Server 4 heartbeat OK at 2025-07-15 01:11:10
[DEBUG] High CPU usage detected at 2025-07-15 01:11:20
[ERROR] User yvonne uploaded file report.pdf at 2025-07-15 01:11:30
[INFO] User carol deleted file temp.tmp at 2025-07-15 01:11:40
[INFO] User mallory initiated data export at 2025-07-15 01:11:50
[INFO] User heidi updated profile at 2025-07-15 01:12:00
[INFO] User walter logged in at 2025-07-15 01:12:10
[DEBUG] User eve logged out at 2025-07-15 01:12:20
[DEBUG] Server 4 restarted at 2025-07-15 01:12:30
[INFO] User eve uploaded file report.pdf at 2025-07-15 01:12:40
[ERROR] User eve triggered security alert at 2025-07-15 01:12:50
[INFO] User peggy accessed dashboard at 2025-07-15 01:13:00
[WARN] Server 4 started at 2025-07-15 01:13:10
[INFO] Query executed: SELECT * FROM logs WHERE user='frank' at 2025-07-15 01:13:20
[INFO] User mallory triggered security alert at 2025-07-15 01:13:30
[DEBUG] Disk error on /dev/sda4 at 2025-07-15 01:13:40
[WARN] Backup started at 2025-07-15 01:13:50
[WARN] Server 4 restarted at 2025-07-15 01:14:00
[ERROR] User walter triggered security alert at 2025-07-15 01:14:10
[ERROR] User oscar triggered security alert at 2025-07-15 01:14:20
[INFO] User eve failed login attempt at 2025-07-15 01:14:30
[WARN] Server 4 encountered memory leak at 2025-07-15 01:14:40
[INFO] User peggy failed login attempt at 2025-07-15 01:14:50
[ERROR] Server 4 completed log rotation at 2025-07-15 01:15:00
[INFO] Backup started at 2025-07-15 01:15:10
[INFO] Server 4 completed log rotation at 2025-07-15 01:15:20
[WARN] Server 4 updated configuration at 2025-07-15 01:15:30
[WARN] Server 4 updated configuration at 2025-07-15 01:15:40
[DEBUG] Backup started at 2025-07-15 01:15:50
[ERROR] User victor changed password at 2025-07-15 01:16:00
[WARN] User rupert logged in at 2025-07-15 01:16:10
[INFO] Backup completed at 2025-07-15 01:16:20
[WARN] Server 4 heartbeat OK at 2025-07-15 01:16:30
[INFO] User grace performed system health check at 2025-07-15 01:16:40
[INFO] Backup started at 2025-07-15 01:16:50
[WARN] User trent initiated data export at 2025-07-15 01:17:00
[WARN] User peggy imported data.csv at 2025-07-15 01:17:10
[DEBUG] Server 4 started at 2025-07-15 01:17:20
[WARN] Server 4 completed log rotation at 2025-07-15 01:17:30
[ERROR] User rupert imported data.csv at 2025-07-15 01:17:40
[ERROR] Server 4 encountered memory leak at 2025-07-15 01:17:50
[ERROR] Server 4 shutdown at 2025-07-15 01:18:00
[INFO] User ivan initiated data export at 2025-07-15 01:18:10
[INFO] User frank uploaded file report.pdf at 2025-07-15 01:18:20
[INFO] Server 4 encountered memory leak at 2025-07-15 01:18:30
[ERROR] User zach triggered security alert at 2025-07-15 01:18:40
[INFO] Server 4 started at 2025-07-15 01:18:50
[ERROR] User eve imported data.csv at 2025-07-15 01:19:00
[WARN] Server 4 received request from 10.0.0.85 at 2025-07-15 01:19:10
[WARN] User heidi deleted file temp.tmp at 2025-07-15 01:19:20
[DEBUG] User sybil updated profile at 2025-07-15 01:19:30
[WARN] User sybil changed password at 2025-07-15 01:19:40
[INFO] User bob performed system health check at 2025-07-15 01:19:50
[DEBUG] Backup started at 2025-07-15 01:20:00
[WARN] User grace imported data.csv at 2025-07-15 01:20:10
[INFO] User walter failed login attempt at 2025-07-15 01:20:20
[INFO] User zach triggered security alert at 2025-07-15 01:20:30
[INFO] Server 4 started at 2025-07-15 01:20:40
[WARN] Server 4 encountered memory leak at 2025-07-15 01:20:50
[ERROR] Server 4 completed log rotation at 2025-07-15 01:21:00
[WARN] Server 4 encountered memory leak at 2025-07-15 01:21:10
[INFO] User alice failed login attempt at 2025-07-15 01:21:20
[WARN] User zach deleted file temp.tmp at 2025-07-15 01:21:30
[ERROR] Backup started at 2025-07-15 01:21:40
[ERROR] Server 4 updated configuration at 2025-07-15 01:21:50
[ERROR] User yvonne uploaded file report.pdf at 2025-07-15 01:22:00
[DEBUG] Server 4 completed log rotation at 2025-07-15 01:22:10
[DEBUG] Disk error on /dev/sda4 at 2025-07-15 01:22:20
[WARN] Server 4 encountered memory leak at 2025-07-15 01:22:30
[DEBUG] User peggy performed system health check at 2025-07-15 01:22:40
[DEBUG] User zach updated profile at 2025-07-15 01:22:50
[ERROR] Server 4 completed log rotation at 2025-07-15 01:23:00
[WARN] Server 4 started at 2025-07-15 01:23:10
